{"C:\\Users\\quits\\Documents\\Curriculo Ronald Vezga Colombia 2021\\Cursos\\MasterLogica\\exercise1\\exercise1.js": {"path":"C:\\Users\\quits\\Documents\\Curriculo Ronald Vezga Colombia 2021\\Cursos\\MasterLogica\\exercise1\\exercise1.js","all":false,"statementMap":{"0":{"start":{"line":1,"column":0},"end":{"line":1,"column":2}},"1":{"start":{"line":2,"column":0},"end":{"line":2,"column":72}},"2":{"start":{"line":3,"column":0},"end":{"line":3,"column":2}},"3":{"start":{"line":4,"column":0},"end":{"line":4,"column":0}},"4":{"start":{"line":5,"column":0},"end":{"line":5,"column":41}},"5":{"start":{"line":6,"column":0},"end":{"line":6,"column":28}},"6":{"start":{"line":7,"column":0},"end":{"line":7,"column":49}},"7":{"start":{"line":8,"column":0},"end":{"line":8,"column":52}},"8":{"start":{"line":9,"column":0},"end":{"line":9,"column":40}},"9":{"start":{"line":10,"column":0},"end":{"line":10,"column":64}},"10":{"start":{"line":11,"column":0},"end":{"line":11,"column":5}},"11":{"start":{"line":12,"column":0},"end":{"line":12,"column":24}},"12":{"start":{"line":13,"column":0},"end":{"line":13,"column":1}},"13":{"start":{"line":14,"column":0},"end":{"line":14,"column":0}},"14":{"start":{"line":15,"column":0},"end":{"line":15,"column":23}},"15":{"start":{"line":16,"column":0},"end":{"line":16,"column":0}},"16":{"start":{"line":17,"column":0},"end":{"line":17,"column":37}}},"s":{"0":1,"1":1,"2":1,"3":1,"4":1,"5":2,"6":2,"7":2,"8":20,"9":20,"10":20,"11":2,"12":2,"13":1,"14":1,"15":1,"16":1},"branchMap":{"0":{"type":"branch","line":5,"loc":{"start":{"line":5,"column":29},"end":{"line":13,"column":1}},"locations":[{"start":{"line":5,"column":29},"end":{"line":13,"column":1}}]},"1":{"type":"branch","line":8,"loc":{"start":{"line":8,"column":51},"end":{"line":11,"column":5}},"locations":[{"start":{"line":8,"column":51},"end":{"line":11,"column":5}}]}},"b":{"0":[2],"1":[20]},"fnMap":{"0":{"name":"multiplicationTable","decl":{"start":{"line":5,"column":29},"end":{"line":13,"column":1}},"loc":{"start":{"line":5,"column":29},"end":{"line":13,"column":1}},"line":5}},"f":{"0":2}}
,"C:\\Users\\quits\\Documents\\Curriculo Ronald Vezga Colombia 2021\\Cursos\\MasterLogica\\exercise10\\exercise10.js": {"path":"C:\\Users\\quits\\Documents\\Curriculo Ronald Vezga Colombia 2021\\Cursos\\MasterLogica\\exercise10\\exercise10.js","all":false,"statementMap":{"0":{"start":{"line":1,"column":0},"end":{"line":1,"column":27}},"1":{"start":{"line":2,"column":0},"end":{"line":2,"column":26}},"2":{"start":{"line":3,"column":0},"end":{"line":3,"column":49}},"3":{"start":{"line":4,"column":0},"end":{"line":4,"column":19}},"4":{"start":{"line":5,"column":0},"end":{"line":5,"column":47}},"5":{"start":{"line":6,"column":0},"end":{"line":6,"column":21}},"6":{"start":{"line":7,"column":0},"end":{"line":7,"column":5}},"7":{"start":{"line":8,"column":0},"end":{"line":8,"column":35}},"8":{"start":{"line":9,"column":0},"end":{"line":9,"column":3}},"9":{"start":{"line":10,"column":0},"end":{"line":10,"column":24}},"10":{"start":{"line":11,"column":0},"end":{"line":11,"column":2}},"11":{"start":{"line":12,"column":0},"end":{"line":12,"column":0}},"12":{"start":{"line":13,"column":0},"end":{"line":13,"column":23}}},"s":{"0":1,"1":1,"2":1,"3":4,"4":4,"5":10,"6":10,"7":4,"8":4,"9":1,"10":1,"11":1,"12":1},"branchMap":{"0":{"type":"branch","line":1,"loc":{"start":{"line":1,"column":15},"end":{"line":11,"column":2}},"locations":[{"start":{"line":1,"column":15},"end":{"line":11,"column":2}}]},"1":{"type":"branch","line":3,"loc":{"start":{"line":3,"column":48},"end":{"line":9,"column":3}},"locations":[{"start":{"line":3,"column":48},"end":{"line":9,"column":3}}]},"2":{"type":"branch","line":5,"loc":{"start":{"line":5,"column":46},"end":{"line":7,"column":5}},"locations":[{"start":{"line":5,"column":46},"end":{"line":7,"column":5}}]}},"b":{"0":[1],"1":[4],"2":[10]},"fnMap":{"0":{"name":"stair","decl":{"start":{"line":1,"column":15},"end":{"line":11,"column":2}},"loc":{"start":{"line":1,"column":15},"end":{"line":11,"column":2}},"line":1}},"f":{"0":1}}
,"C:\\Users\\quits\\Documents\\Curriculo Ronald Vezga Colombia 2021\\Cursos\\MasterLogica\\exercise11\\exercise11.js": {"path":"C:\\Users\\quits\\Documents\\Curriculo Ronald Vezga Colombia 2021\\Cursos\\MasterLogica\\exercise11\\exercise11.js","all":false,"statementMap":{"0":{"start":{"line":1,"column":0},"end":{"line":1,"column":37}},"1":{"start":{"line":2,"column":0},"end":{"line":2,"column":52}},"2":{"start":{"line":3,"column":0},"end":{"line":3,"column":35}},"3":{"start":{"line":4,"column":0},"end":{"line":4,"column":3}},"4":{"start":{"line":5,"column":0},"end":{"line":5,"column":27}},"5":{"start":{"line":6,"column":0},"end":{"line":6,"column":41}},"6":{"start":{"line":7,"column":0},"end":{"line":7,"column":3}},"7":{"start":{"line":8,"column":0},"end":{"line":8,"column":66}},"8":{"start":{"line":9,"column":0},"end":{"line":9,"column":47}},"9":{"start":{"line":10,"column":0},"end":{"line":10,"column":27}},"10":{"start":{"line":11,"column":0},"end":{"line":11,"column":18}},"11":{"start":{"line":12,"column":0},"end":{"line":12,"column":4}},"12":{"start":{"line":13,"column":0},"end":{"line":13,"column":26}},"13":{"start":{"line":14,"column":0},"end":{"line":14,"column":2}},"14":{"start":{"line":15,"column":0},"end":{"line":15,"column":0}},"15":{"start":{"line":16,"column":0},"end":{"line":16,"column":26}}},"s":{"0":1,"1":3,"2":1,"3":1,"4":3,"5":1,"6":1,"7":1,"8":1,"9":1,"10":1,"11":1,"12":1,"13":1,"14":1,"15":1},"branchMap":{"0":{"type":"branch","line":1,"loc":{"start":{"line":1,"column":17},"end":{"line":14,"column":2}},"locations":[{"start":{"line":1,"column":17},"end":{"line":14,"column":2}}]},"1":{"type":"branch","line":2,"loc":{"start":{"line":2,"column":6},"end":{"line":2,"column":51}},"locations":[{"start":{"line":2,"column":6},"end":{"line":2,"column":51}}]},"2":{"type":"branch","line":2,"loc":{"start":{"line":2,"column":51},"end":{"line":4,"column":3}},"locations":[{"start":{"line":2,"column":51},"end":{"line":4,"column":3}}]},"3":{"type":"branch","line":5,"loc":{"start":{"line":5,"column":-2},"end":{"line":5,"column":6}},"locations":[{"start":{"line":5,"column":-2},"end":{"line":5,"column":6}}]},"4":{"type":"branch","line":5,"loc":{"start":{"line":5,"column":26},"end":{"line":14,"column":2}},"locations":[{"start":{"line":5,"column":26},"end":{"line":14,"column":2}}]}},"b":{"0":[3],"1":[1],"2":[1],"3":[2],"4":[1]},"fnMap":{"0":{"name":"censored","decl":{"start":{"line":1,"column":17},"end":{"line":14,"column":2}},"loc":{"start":{"line":1,"column":17},"end":{"line":14,"column":2}},"line":1}},"f":{"0":3}}
,"C:\\Users\\quits\\Documents\\Curriculo Ronald Vezga Colombia 2021\\Cursos\\MasterLogica\\exercise12\\exercise12.js": {"path":"C:\\Users\\quits\\Documents\\Curriculo Ronald Vezga Colombia 2021\\Cursos\\MasterLogica\\exercise12\\exercise12.js","all":false,"statementMap":{"0":{"start":{"line":1,"column":0},"end":{"line":1,"column":32}},"1":{"start":{"line":2,"column":0},"end":{"line":2,"column":49}},"2":{"start":{"line":3,"column":0},"end":{"line":3,"column":22}},"3":{"start":{"line":4,"column":0},"end":{"line":4,"column":36}},"4":{"start":{"line":5,"column":0},"end":{"line":5,"column":20}},"5":{"start":{"line":6,"column":0},"end":{"line":6,"column":5}},"6":{"start":{"line":7,"column":0},"end":{"line":7,"column":27}},"7":{"start":{"line":8,"column":0},"end":{"line":8,"column":18}},"8":{"start":{"line":9,"column":0},"end":{"line":9,"column":1}},"9":{"start":{"line":10,"column":0},"end":{"line":10,"column":0}},"10":{"start":{"line":11,"column":0},"end":{"line":11,"column":28}}},"s":{"0":1,"1":1,"2":1,"3":13,"4":13,"5":13,"6":1,"7":1,"8":1,"9":1,"10":1},"branchMap":{"0":{"type":"branch","line":1,"loc":{"start":{"line":1,"column":20},"end":{"line":9,"column":1}},"locations":[{"start":{"line":1,"column":20},"end":{"line":9,"column":1}}]},"1":{"type":"branch","line":3,"loc":{"start":{"line":3,"column":21},"end":{"line":6,"column":5}},"locations":[{"start":{"line":3,"column":21},"end":{"line":6,"column":5}}]}},"b":{"0":[1],"1":[13]},"fnMap":{"0":{"name":"downToZero","decl":{"start":{"line":1,"column":20},"end":{"line":9,"column":1}},"loc":{"start":{"line":1,"column":20},"end":{"line":9,"column":1}},"line":1}},"f":{"0":1}}
,"C:\\Users\\quits\\Documents\\Curriculo Ronald Vezga Colombia 2021\\Cursos\\MasterLogica\\exercise13\\exercise13.js": {"path":"C:\\Users\\quits\\Documents\\Curriculo Ronald Vezga Colombia 2021\\Cursos\\MasterLogica\\exercise13\\exercise13.js","all":false,"statementMap":{"0":{"start":{"line":1,"column":0},"end":{"line":1,"column":38}},"1":{"start":{"line":2,"column":0},"end":{"line":2,"column":23}},"2":{"start":{"line":3,"column":0},"end":{"line":3,"column":28}},"3":{"start":{"line":4,"column":0},"end":{"line":4,"column":55}},"4":{"start":{"line":5,"column":0},"end":{"line":5,"column":50}},"5":{"start":{"line":6,"column":0},"end":{"line":6,"column":34}},"6":{"start":{"line":7,"column":0},"end":{"line":7,"column":12}},"7":{"start":{"line":8,"column":0},"end":{"line":8,"column":29}},"8":{"start":{"line":9,"column":0},"end":{"line":9,"column":5}},"9":{"start":{"line":10,"column":0},"end":{"line":10,"column":3}},"10":{"start":{"line":11,"column":0},"end":{"line":11,"column":21}},"11":{"start":{"line":12,"column":0},"end":{"line":12,"column":2}},"12":{"start":{"line":13,"column":0},"end":{"line":13,"column":0}},"13":{"start":{"line":14,"column":0},"end":{"line":14,"column":29}}},"s":{"0":1,"1":1,"2":1,"3":5,"4":5,"5":3,"6":5,"7":2,"8":2,"9":5,"10":1,"11":1,"12":1,"13":1},"branchMap":{"0":{"type":"branch","line":1,"loc":{"start":{"line":1,"column":20},"end":{"line":12,"column":2}},"locations":[{"start":{"line":1,"column":20},"end":{"line":12,"column":2}}]},"1":{"type":"branch","line":3,"loc":{"start":{"line":3,"column":27},"end":{"line":10,"column":3}},"locations":[{"start":{"line":3,"column":27},"end":{"line":10,"column":3}}]},"2":{"type":"branch","line":5,"loc":{"start":{"line":5,"column":8},"end":{"line":5,"column":49}},"locations":[{"start":{"line":5,"column":8},"end":{"line":5,"column":49}}]},"3":{"type":"branch","line":5,"loc":{"start":{"line":5,"column":49},"end":{"line":7,"column":11}},"locations":[{"start":{"line":5,"column":49},"end":{"line":7,"column":11}}]},"4":{"type":"branch","line":7,"loc":{"start":{"line":7,"column":5},"end":{"line":9,"column":5}},"locations":[{"start":{"line":7,"column":5},"end":{"line":9,"column":5}}]}},"b":{"0":[1],"1":[5],"2":[4],"3":[3],"4":[2]},"fnMap":{"0":{"name":"divideArray","decl":{"start":{"line":1,"column":20},"end":{"line":12,"column":2}},"loc":{"start":{"line":1,"column":20},"end":{"line":12,"column":2}},"line":1}},"f":{"0":1}}
,"C:\\Users\\quits\\Documents\\Curriculo Ronald Vezga Colombia 2021\\Cursos\\MasterLogica\\exercise14\\exercise14.js": {"path":"C:\\Users\\quits\\Documents\\Curriculo Ronald Vezga Colombia 2021\\Cursos\\MasterLogica\\exercise14\\exercise14.js","all":false,"statementMap":{"0":{"start":{"line":1,"column":0},"end":{"line":1,"column":41}},"1":{"start":{"line":2,"column":0},"end":{"line":2,"column":20}},"2":{"start":{"line":3,"column":0},"end":{"line":3,"column":38}},"3":{"start":{"line":4,"column":0},"end":{"line":4,"column":33}},"4":{"start":{"line":5,"column":0},"end":{"line":5,"column":5}},"5":{"start":{"line":6,"column":0},"end":{"line":6,"column":18}},"6":{"start":{"line":7,"column":0},"end":{"line":7,"column":1}},"7":{"start":{"line":8,"column":0},"end":{"line":8,"column":0}},"8":{"start":{"line":9,"column":0},"end":{"line":9,"column":30}}},"s":{"0":1,"1":1,"2":1,"3":3,"4":3,"5":1,"6":1,"7":1,"8":1},"branchMap":{"0":{"type":"branch","line":1,"loc":{"start":{"line":1,"column":21},"end":{"line":7,"column":1}},"locations":[{"start":{"line":1,"column":21},"end":{"line":7,"column":1}}]},"1":{"type":"branch","line":3,"loc":{"start":{"line":3,"column":37},"end":{"line":5,"column":5}},"locations":[{"start":{"line":3,"column":37},"end":{"line":5,"column":5}}]}},"b":{"0":[1],"1":[3]},"fnMap":{"0":{"name":"repeatString","decl":{"start":{"line":1,"column":21},"end":{"line":7,"column":1}},"loc":{"start":{"line":1,"column":21},"end":{"line":7,"column":1}},"line":1}},"f":{"0":1}}
,"C:\\Users\\quits\\Documents\\Curriculo Ronald Vezga Colombia 2021\\Cursos\\MasterLogica\\exercise15\\exercise15.js": {"path":"C:\\Users\\quits\\Documents\\Curriculo Ronald Vezga Colombia 2021\\Cursos\\MasterLogica\\exercise15\\exercise15.js","all":false,"statementMap":{"0":{"start":{"line":1,"column":0},"end":{"line":1,"column":36}},"1":{"start":{"line":2,"column":0},"end":{"line":2,"column":22}},"2":{"start":{"line":3,"column":0},"end":{"line":3,"column":25}},"3":{"start":{"line":4,"column":0},"end":{"line":4,"column":26}},"4":{"start":{"line":5,"column":0},"end":{"line":5,"column":42}},"5":{"start":{"line":6,"column":0},"end":{"line":6,"column":32}},"6":{"start":{"line":7,"column":0},"end":{"line":7,"column":30}},"7":{"start":{"line":8,"column":0},"end":{"line":8,"column":29}},"8":{"start":{"line":9,"column":0},"end":{"line":9,"column":12}},"9":{"start":{"line":10,"column":0},"end":{"line":10,"column":27}},"10":{"start":{"line":11,"column":0},"end":{"line":11,"column":5}},"11":{"start":{"line":12,"column":0},"end":{"line":12,"column":3}},"12":{"start":{"line":13,"column":0},"end":{"line":13,"column":0}},"13":{"start":{"line":14,"column":0},"end":{"line":14,"column":36}},"14":{"start":{"line":15,"column":0},"end":{"line":15,"column":86}},"15":{"start":{"line":16,"column":0},"end":{"line":16,"column":42}},"16":{"start":{"line":17,"column":0},"end":{"line":17,"column":30}},"17":{"start":{"line":18,"column":0},"end":{"line":18,"column":5}},"18":{"start":{"line":19,"column":0},"end":{"line":19,"column":3}},"19":{"start":{"line":20,"column":0},"end":{"line":20,"column":0}},"20":{"start":{"line":21,"column":0},"end":{"line":21,"column":27}},"21":{"start":{"line":22,"column":0},"end":{"line":22,"column":16}},"22":{"start":{"line":23,"column":0},"end":{"line":23,"column":2}},"23":{"start":{"line":24,"column":0},"end":{"line":24,"column":0}},"24":{"start":{"line":25,"column":0},"end":{"line":25,"column":32}}},"s":{"0":1,"1":1,"2":1,"3":1,"4":1,"5":1,"6":16,"7":6,"8":16,"9":10,"10":10,"11":16,"12":1,"13":1,"14":6,"15":2,"16":2,"17":2,"18":6,"19":1,"20":1,"21":1,"22":1,"23":1,"24":1},"branchMap":{"0":{"type":"branch","line":1,"loc":{"start":{"line":1,"column":24},"end":{"line":23,"column":2}},"locations":[{"start":{"line":1,"column":24},"end":{"line":23,"column":2}}]},"1":{"type":"branch","line":6,"loc":{"start":{"line":6,"column":31},"end":{"line":12,"column":3}},"locations":[{"start":{"line":6,"column":31},"end":{"line":12,"column":3}}]},"2":{"type":"branch","line":7,"loc":{"start":{"line":7,"column":29},"end":{"line":9,"column":11}},"locations":[{"start":{"line":7,"column":29},"end":{"line":9,"column":11}}]},"3":{"type":"branch","line":9,"loc":{"start":{"line":9,"column":5},"end":{"line":11,"column":5}},"locations":[{"start":{"line":9,"column":5},"end":{"line":11,"column":5}}]},"4":{"type":"branch","line":14,"loc":{"start":{"line":14,"column":35},"end":{"line":19,"column":3}},"locations":[{"start":{"line":14,"column":35},"end":{"line":19,"column":3}}]},"5":{"type":"branch","line":15,"loc":{"start":{"line":15,"column":85},"end":{"line":18,"column":5}},"locations":[{"start":{"line":15,"column":85},"end":{"line":18,"column":5}}]}},"b":{"0":[1],"1":[16],"2":[6],"3":[10],"4":[6],"5":[2]},"fnMap":{"0":{"name":"mostUsedLetter","decl":{"start":{"line":1,"column":24},"end":{"line":23,"column":2}},"loc":{"start":{"line":1,"column":24},"end":{"line":23,"column":2}},"line":1}},"f":{"0":1}}
,"C:\\Users\\quits\\Documents\\Curriculo Ronald Vezga Colombia 2021\\Cursos\\MasterLogica\\exercise16\\exercise16.js": {"path":"C:\\Users\\quits\\Documents\\Curriculo Ronald Vezga Colombia 2021\\Cursos\\MasterLogica\\exercise16\\exercise16.js","all":false,"statementMap":{"0":{"start":{"line":1,"column":0},"end":{"line":1,"column":33}},"1":{"start":{"line":2,"column":0},"end":{"line":2,"column":30}},"2":{"start":{"line":3,"column":0},"end":{"line":3,"column":39}},"3":{"start":{"line":4,"column":0},"end":{"line":4,"column":38}},"4":{"start":{"line":5,"column":0},"end":{"line":5,"column":1}},"5":{"start":{"line":6,"column":0},"end":{"line":6,"column":0}},"6":{"start":{"line":7,"column":0},"end":{"line":7,"column":29}}},"s":{"0":1,"1":2,"2":2,"3":2,"4":2,"5":1,"6":1},"branchMap":{"0":{"type":"branch","line":1,"loc":{"start":{"line":1,"column":21},"end":{"line":5,"column":1}},"locations":[{"start":{"line":1,"column":21},"end":{"line":5,"column":1}}]},"1":{"type":"branch","line":4,"loc":{"start":{"line":4,"column":17},"end":{"line":4,"column":36}},"locations":[{"start":{"line":4,"column":17},"end":{"line":4,"column":36}}]},"2":{"type":"branch","line":4,"loc":{"start":{"line":4,"column":17},"end":{"line":4,"column":38}},"locations":[{"start":{"line":4,"column":17},"end":{"line":4,"column":38}}]}},"b":{"0":[2],"1":[1],"2":[1]},"fnMap":{"0":{"name":"matchVowels","decl":{"start":{"line":1,"column":21},"end":{"line":5,"column":1}},"loc":{"start":{"line":1,"column":21},"end":{"line":5,"column":1}},"line":1}},"f":{"0":2}}
,"C:\\Users\\quits\\Documents\\Curriculo Ronald Vezga Colombia 2021\\Cursos\\MasterLogica\\exercise17\\exercise17.js": {"path":"C:\\Users\\quits\\Documents\\Curriculo Ronald Vezga Colombia 2021\\Cursos\\MasterLogica\\exercise17\\exercise17.js","all":false,"statementMap":{"0":{"start":{"line":1,"column":0},"end":{"line":1,"column":33}},"1":{"start":{"line":2,"column":0},"end":{"line":2,"column":18}},"2":{"start":{"line":3,"column":0},"end":{"line":3,"column":36}},"3":{"start":{"line":4,"column":0},"end":{"line":4,"column":40}},"4":{"start":{"line":5,"column":0},"end":{"line":5,"column":3}},"5":{"start":{"line":6,"column":0},"end":{"line":6,"column":16}},"6":{"start":{"line":7,"column":0},"end":{"line":7,"column":2}},"7":{"start":{"line":8,"column":0},"end":{"line":8,"column":0}},"8":{"start":{"line":9,"column":0},"end":{"line":9,"column":26}},"9":{"start":{"line":10,"column":0},"end":{"line":10,"column":18}},"10":{"start":{"line":11,"column":0},"end":{"line":11,"column":45}},"11":{"start":{"line":12,"column":0},"end":{"line":12,"column":29}},"12":{"start":{"line":13,"column":0},"end":{"line":13,"column":32}},"13":{"start":{"line":14,"column":0},"end":{"line":14,"column":20}},"14":{"start":{"line":15,"column":0},"end":{"line":15,"column":32}},"15":{"start":{"line":16,"column":0},"end":{"line":16,"column":25}},"16":{"start":{"line":17,"column":0},"end":{"line":17,"column":10}},"17":{"start":{"line":18,"column":0},"end":{"line":18,"column":18}},"18":{"start":{"line":19,"column":0},"end":{"line":19,"column":3}},"19":{"start":{"line":20,"column":0},"end":{"line":20,"column":16}},"20":{"start":{"line":21,"column":0},"end":{"line":21,"column":2}},"21":{"start":{"line":22,"column":0},"end":{"line":22,"column":0}},"22":{"start":{"line":23,"column":0},"end":{"line":23,"column":39}}},"s":{"0":1,"1":1,"2":1,"3":15,"4":15,"5":1,"6":1,"7":1,"8":1,"9":18,"10":18,"11":2,"12":18,"13":5,"14":16,"15":3,"16":11,"17":8,"18":8,"19":10,"20":10,"21":1,"22":1},"branchMap":{"0":{"type":"branch","line":1,"loc":{"start":{"line":1,"column":21},"end":{"line":7,"column":2}},"locations":[{"start":{"line":1,"column":21},"end":{"line":7,"column":2}}]},"1":{"type":"branch","line":3,"loc":{"start":{"line":3,"column":35},"end":{"line":5,"column":3}},"locations":[{"start":{"line":3,"column":35},"end":{"line":5,"column":3}}]},"2":{"type":"branch","line":9,"loc":{"start":{"line":9,"column":14},"end":{"line":21,"column":2}},"locations":[{"start":{"line":9,"column":14},"end":{"line":21,"column":2}}]},"3":{"type":"branch","line":11,"loc":{"start":{"line":11,"column":6},"end":{"line":11,"column":44}},"locations":[{"start":{"line":11,"column":6},"end":{"line":11,"column":44}}]},"4":{"type":"branch","line":11,"loc":{"start":{"line":11,"column":44},"end":{"line":13,"column":9}},"locations":[{"start":{"line":11,"column":44},"end":{"line":13,"column":9}}]},"5":{"type":"branch","line":13,"loc":{"start":{"line":13,"column":3},"end":{"line":19,"column":3}},"locations":[{"start":{"line":13,"column":3},"end":{"line":19,"column":3}}]},"6":{"type":"branch","line":13,"loc":{"start":{"line":13,"column":31},"end":{"line":15,"column":9}},"locations":[{"start":{"line":13,"column":31},"end":{"line":15,"column":9}}]},"7":{"type":"branch","line":15,"loc":{"start":{"line":15,"column":3},"end":{"line":19,"column":3}},"locations":[{"start":{"line":15,"column":3},"end":{"line":19,"column":3}}]},"8":{"type":"branch","line":15,"loc":{"start":{"line":15,"column":31},"end":{"line":17,"column":9}},"locations":[{"start":{"line":15,"column":31},"end":{"line":17,"column":9}}]},"9":{"type":"branch","line":17,"loc":{"start":{"line":17,"column":3},"end":{"line":19,"column":3}},"locations":[{"start":{"line":17,"column":3},"end":{"line":19,"column":3}}]},"10":{"type":"branch","line":20,"loc":{"start":{"line":20,"column":-2},"end":{"line":21,"column":2}},"locations":[{"start":{"line":20,"column":-2},"end":{"line":21,"column":2}}]}},"b":{"0":[1],"1":[15],"2":[18],"3":[7],"4":[2],"5":[16],"6":[5],"7":[11],"8":[3],"9":[8],"10":[10]},"fnMap":{"0":{"name":"oneToNumber","decl":{"start":{"line":1,"column":21},"end":{"line":7,"column":2}},"loc":{"start":{"line":1,"column":21},"end":{"line":7,"column":2}},"line":1},"1":{"name":"buzz","decl":{"start":{"line":9,"column":14},"end":{"line":21,"column":2}},"loc":{"start":{"line":9,"column":14},"end":{"line":21,"column":2}},"line":9}},"f":{"0":1,"1":18}}
,"C:\\Users\\quits\\Documents\\Curriculo Ronald Vezga Colombia 2021\\Cursos\\MasterLogica\\exercise18\\exercise18.js": {"path":"C:\\Users\\quits\\Documents\\Curriculo Ronald Vezga Colombia 2021\\Cursos\\MasterLogica\\exercise18\\exercise18.js","all":false,"statementMap":{"0":{"start":{"line":1,"column":0},"end":{"line":1,"column":34}},"1":{"start":{"line":2,"column":0},"end":{"line":2,"column":18}},"2":{"start":{"line":3,"column":0},"end":{"line":3,"column":37}},"3":{"start":{"line":4,"column":0},"end":{"line":4,"column":39}},"4":{"start":{"line":5,"column":0},"end":{"line":5,"column":20}},"5":{"start":{"line":6,"column":0},"end":{"line":6,"column":44}},"6":{"start":{"line":7,"column":0},"end":{"line":7,"column":5}},"7":{"start":{"line":8,"column":0},"end":{"line":8,"column":3}},"8":{"start":{"line":9,"column":0},"end":{"line":9,"column":16}},"9":{"start":{"line":10,"column":0},"end":{"line":10,"column":2}},"10":{"start":{"line":11,"column":0},"end":{"line":11,"column":0}},"11":{"start":{"line":12,"column":0},"end":{"line":12,"column":45}},"12":{"start":{"line":13,"column":0},"end":{"line":13,"column":38}},"13":{"start":{"line":14,"column":0},"end":{"line":14,"column":26}},"14":{"start":{"line":15,"column":0},"end":{"line":15,"column":3}},"15":{"start":{"line":16,"column":0},"end":{"line":16,"column":0}},"16":{"start":{"line":17,"column":0},"end":{"line":17,"column":11}},"17":{"start":{"line":18,"column":0},"end":{"line":18,"column":2}},"18":{"start":{"line":19,"column":0},"end":{"line":19,"column":0}},"19":{"start":{"line":20,"column":0},"end":{"line":20,"column":43}}},"s":{"0":1,"1":1,"2":1,"3":21,"4":21,"5":6,"6":6,"7":21,"8":1,"9":1,"10":1,"11":1,"12":23,"13":7,"14":7,"15":16,"16":16,"17":16,"18":1,"19":1},"branchMap":{"0":{"type":"branch","line":1,"loc":{"start":{"line":1,"column":22},"end":{"line":10,"column":2}},"locations":[{"start":{"line":1,"column":22},"end":{"line":10,"column":2}}]},"1":{"type":"branch","line":3,"loc":{"start":{"line":3,"column":36},"end":{"line":8,"column":3}},"locations":[{"start":{"line":3,"column":36},"end":{"line":8,"column":3}}]},"2":{"type":"branch","line":5,"loc":{"start":{"line":5,"column":19},"end":{"line":7,"column":5}},"locations":[{"start":{"line":5,"column":19},"end":{"line":7,"column":5}}]},"3":{"type":"branch","line":12,"loc":{"start":{"line":12,"column":16},"end":{"line":18,"column":2}},"locations":[{"start":{"line":12,"column":16},"end":{"line":18,"column":2}}]},"4":{"type":"branch","line":13,"loc":{"start":{"line":13,"column":37},"end":{"line":15,"column":3}},"locations":[{"start":{"line":13,"column":37},"end":{"line":15,"column":3}}]},"5":{"type":"branch","line":16,"loc":{"start":{"line":16,"column":-2},"end":{"line":18,"column":2}},"locations":[{"start":{"line":16,"column":-2},"end":{"line":18,"column":2}}]}},"b":{"0":[1],"1":[21],"2":[6],"3":[23],"4":[7],"5":[16]},"fnMap":{"0":{"name":"showDividers","decl":{"start":{"line":1,"column":22},"end":{"line":10,"column":2}},"loc":{"start":{"line":1,"column":22},"end":{"line":10,"column":2}},"line":1},"1":{"name":"divider","decl":{"start":{"line":12,"column":16},"end":{"line":18,"column":2}},"loc":{"start":{"line":12,"column":16},"end":{"line":18,"column":2}},"line":12}},"f":{"0":1,"1":23}}
,"C:\\Users\\quits\\Documents\\Curriculo Ronald Vezga Colombia 2021\\Cursos\\MasterLogica\\exercise19\\exercise19.js": {"path":"C:\\Users\\quits\\Documents\\Curriculo Ronald Vezga Colombia 2021\\Cursos\\MasterLogica\\exercise19\\exercise19.js","all":false,"statementMap":{"0":{"start":{"line":1,"column":0},"end":{"line":1,"column":18}},"1":{"start":{"line":2,"column":0},"end":{"line":2,"column":3}},"2":{"start":{"line":3,"column":0},"end":{"line":3,"column":34}},"3":{"start":{"line":4,"column":0},"end":{"line":4,"column":30}},"4":{"start":{"line":5,"column":0},"end":{"line":5,"column":15}},"5":{"start":{"line":6,"column":0},"end":{"line":6,"column":4}},"6":{"start":{"line":7,"column":0},"end":{"line":7,"column":3}},"7":{"start":{"line":8,"column":0},"end":{"line":8,"column":34}},"8":{"start":{"line":9,"column":0},"end":{"line":9,"column":28}},"9":{"start":{"line":10,"column":0},"end":{"line":10,"column":16}},"10":{"start":{"line":11,"column":0},"end":{"line":11,"column":4}},"11":{"start":{"line":12,"column":0},"end":{"line":12,"column":3}},"12":{"start":{"line":13,"column":0},"end":{"line":13,"column":35}},"13":{"start":{"line":14,"column":0},"end":{"line":14,"column":26}},"14":{"start":{"line":15,"column":0},"end":{"line":15,"column":15}},"15":{"start":{"line":16,"column":0},"end":{"line":16,"column":4}},"16":{"start":{"line":17,"column":0},"end":{"line":17,"column":3}},"17":{"start":{"line":18,"column":0},"end":{"line":18,"column":32}},"18":{"start":{"line":19,"column":0},"end":{"line":19,"column":28}},"19":{"start":{"line":20,"column":0},"end":{"line":20,"column":16}},"20":{"start":{"line":21,"column":0},"end":{"line":21,"column":4}},"21":{"start":{"line":22,"column":0},"end":{"line":22,"column":2}},"22":{"start":{"line":23,"column":0},"end":{"line":23,"column":0}},"23":{"start":{"line":24,"column":0},"end":{"line":24,"column":30}},"24":{"start":{"line":25,"column":0},"end":{"line":25,"column":18}},"25":{"start":{"line":26,"column":0},"end":{"line":26,"column":29}},"26":{"start":{"line":27,"column":0},"end":{"line":27,"column":29}},"27":{"start":{"line":28,"column":0},"end":{"line":28,"column":71}},"28":{"start":{"line":29,"column":0},"end":{"line":29,"column":12}},"29":{"start":{"line":30,"column":0},"end":{"line":30,"column":68}},"30":{"start":{"line":31,"column":0},"end":{"line":31,"column":5}},"31":{"start":{"line":32,"column":0},"end":{"line":32,"column":3}},"32":{"start":{"line":33,"column":0},"end":{"line":33,"column":16}},"33":{"start":{"line":34,"column":0},"end":{"line":34,"column":2}},"34":{"start":{"line":35,"column":0},"end":{"line":35,"column":0}},"35":{"start":{"line":36,"column":0},"end":{"line":36,"column":41}}},"s":{"0":1,"1":1,"2":1,"3":1,"4":1,"5":1,"6":1,"7":1,"8":1,"9":1,"10":1,"11":1,"12":1,"13":1,"14":1,"15":1,"16":1,"17":1,"18":1,"19":1,"20":1,"21":1,"22":1,"23":1,"24":1,"25":1,"26":4,"27":2,"28":2,"29":2,"30":2,"31":4,"32":1,"33":1,"34":1,"35":1},"branchMap":{"0":{"type":"branch","line":24,"loc":{"start":{"line":24,"column":19},"end":{"line":34,"column":2}},"locations":[{"start":{"line":24,"column":19},"end":{"line":34,"column":2}}]},"1":{"type":"branch","line":26,"loc":{"start":{"line":26,"column":28},"end":{"line":32,"column":3}},"locations":[{"start":{"line":26,"column":28},"end":{"line":32,"column":3}}]},"2":{"type":"branch","line":27,"loc":{"start":{"line":27,"column":28},"end":{"line":31,"column":5}},"locations":[{"start":{"line":27,"column":28},"end":{"line":31,"column":5}}]}},"b":{"0":[1],"1":[4],"2":[2]},"fnMap":{"0":{"name":"showFilms","decl":{"start":{"line":24,"column":19},"end":{"line":34,"column":2}},"loc":{"start":{"line":24,"column":19},"end":{"line":34,"column":2}},"line":24}},"f":{"0":1}}
,"C:\\Users\\quits\\Documents\\Curriculo Ronald Vezga Colombia 2021\\Cursos\\MasterLogica\\exercise2\\exercise2.js": {"path":"C:\\Users\\quits\\Documents\\Curriculo Ronald Vezga Colombia 2021\\Cursos\\MasterLogica\\exercise2\\exercise2.js","all":false,"statementMap":{"0":{"start":{"line":1,"column":0},"end":{"line":1,"column":30}},"1":{"start":{"line":2,"column":0},"end":{"line":2,"column":33}},"2":{"start":{"line":3,"column":0},"end":{"line":3,"column":42}},"3":{"start":{"line":4,"column":0},"end":{"line":4,"column":48}},"4":{"start":{"line":5,"column":0},"end":{"line":5,"column":32}},"5":{"start":{"line":6,"column":0},"end":{"line":6,"column":20}},"6":{"start":{"line":7,"column":0},"end":{"line":7,"column":12}},"7":{"start":{"line":8,"column":0},"end":{"line":8,"column":21}},"8":{"start":{"line":9,"column":0},"end":{"line":9,"column":5}},"9":{"start":{"line":10,"column":0},"end":{"line":10,"column":1}},"10":{"start":{"line":11,"column":0},"end":{"line":11,"column":0}},"11":{"start":{"line":12,"column":0},"end":{"line":12,"column":28}}},"s":{"0":1,"1":2,"2":2,"3":2,"4":2,"5":1,"6":1,"7":1,"8":1,"9":2,"10":1,"11":1},"branchMap":{"0":{"type":"branch","line":1,"loc":{"start":{"line":1,"column":20},"end":{"line":10,"column":1}},"locations":[{"start":{"line":1,"column":20},"end":{"line":10,"column":1}}]},"1":{"type":"branch","line":5,"loc":{"start":{"line":5,"column":31},"end":{"line":9,"column":5}},"locations":[{"start":{"line":5,"column":31},"end":{"line":9,"column":5}}]}},"b":{"0":[2],"1":[1]},"fnMap":{"0":{"name":"palindrome","decl":{"start":{"line":1,"column":20},"end":{"line":10,"column":1}},"loc":{"start":{"line":1,"column":20},"end":{"line":10,"column":1}},"line":1}},"f":{"0":2}}
,"C:\\Users\\quits\\Documents\\Curriculo Ronald Vezga Colombia 2021\\Cursos\\MasterLogica\\exercise20\\exercise20.js": {"path":"C:\\Users\\quits\\Documents\\Curriculo Ronald Vezga Colombia 2021\\Cursos\\MasterLogica\\exercise20\\exercise20.js","all":false,"statementMap":{"0":{"start":{"line":1,"column":0},"end":{"line":1,"column":40}},"1":{"start":{"line":2,"column":0},"end":{"line":2,"column":66}},"2":{"start":{"line":3,"column":0},"end":{"line":3,"column":66}},"3":{"start":{"line":4,"column":0},"end":{"line":4,"column":39}},"4":{"start":{"line":5,"column":0},"end":{"line":5,"column":20}},"5":{"start":{"line":6,"column":0},"end":{"line":6,"column":11}},"6":{"start":{"line":7,"column":0},"end":{"line":7,"column":21}},"7":{"start":{"line":8,"column":0},"end":{"line":8,"column":5}},"8":{"start":{"line":9,"column":0},"end":{"line":9,"column":1}},"9":{"start":{"line":10,"column":0},"end":{"line":10,"column":0}},"10":{"start":{"line":11,"column":0},"end":{"line":11,"column":29}},"11":{"start":{"line":12,"column":0},"end":{"line":12,"column":24}},"12":{"start":{"line":13,"column":0},"end":{"line":13,"column":56}},"13":{"start":{"line":14,"column":0},"end":{"line":14,"column":18}},"14":{"start":{"line":15,"column":0},"end":{"line":15,"column":1}},"15":{"start":{"line":16,"column":0},"end":{"line":16,"column":0}},"16":{"start":{"line":17,"column":0},"end":{"line":17,"column":44}}},"s":{"0":1,"1":2,"2":2,"3":2,"4":1,"5":1,"6":1,"7":1,"8":2,"9":1,"10":1,"11":5,"12":5,"13":5,"14":5,"15":1,"16":1},"branchMap":{"0":{"type":"branch","line":1,"loc":{"start":{"line":1,"column":21},"end":{"line":9,"column":1}},"locations":[{"start":{"line":1,"column":21},"end":{"line":9,"column":1}}]},"1":{"type":"branch","line":4,"loc":{"start":{"line":4,"column":38},"end":{"line":8,"column":5}},"locations":[{"start":{"line":4,"column":38},"end":{"line":8,"column":5}}]},"2":{"type":"branch","line":11,"loc":{"start":{"line":11,"column":19},"end":{"line":15,"column":1}},"locations":[{"start":{"line":11,"column":19},"end":{"line":15,"column":1}}]}},"b":{"0":[2],"1":[1],"2":[5]},"fnMap":{"0":{"name":"checkAnagram","decl":{"start":{"line":1,"column":21},"end":{"line":9,"column":1}},"loc":{"start":{"line":1,"column":21},"end":{"line":9,"column":1}},"line":1},"1":{"name":"cleanWord","decl":{"start":{"line":11,"column":19},"end":{"line":15,"column":1}},"loc":{"start":{"line":11,"column":19},"end":{"line":15,"column":1}},"line":11}},"f":{"0":2,"1":5}}
,"C:\\Users\\quits\\Documents\\Curriculo Ronald Vezga Colombia 2021\\Cursos\\MasterLogica\\exercise21\\exercise21.js": {"path":"C:\\Users\\quits\\Documents\\Curriculo Ronald Vezga Colombia 2021\\Cursos\\MasterLogica\\exercise21\\exercise21.js","all":false,"statementMap":{"0":{"start":{"line":1,"column":0},"end":{"line":1,"column":42}},"1":{"start":{"line":2,"column":0},"end":{"line":2,"column":18}},"2":{"start":{"line":3,"column":0},"end":{"line":3,"column":65}},"3":{"start":{"line":4,"column":0},"end":{"line":4,"column":38}},"4":{"start":{"line":5,"column":0},"end":{"line":5,"column":10}},"5":{"start":{"line":6,"column":0},"end":{"line":6,"column":70}},"6":{"start":{"line":7,"column":0},"end":{"line":7,"column":3}},"7":{"start":{"line":8,"column":0},"end":{"line":8,"column":16}},"8":{"start":{"line":9,"column":0},"end":{"line":9,"column":2}},"9":{"start":{"line":10,"column":0},"end":{"line":10,"column":0}},"10":{"start":{"line":11,"column":0},"end":{"line":11,"column":30}}},"s":{"0":1,"1":2,"2":2,"3":1,"4":1,"5":1,"6":1,"7":2,"8":2,"9":1,"10":1},"branchMap":{"0":{"type":"branch","line":1,"loc":{"start":{"line":1,"column":21},"end":{"line":9,"column":2}},"locations":[{"start":{"line":1,"column":21},"end":{"line":9,"column":2}}]},"1":{"type":"branch","line":3,"loc":{"start":{"line":3,"column":6},"end":{"line":3,"column":64}},"locations":[{"start":{"line":3,"column":6},"end":{"line":3,"column":64}}]},"2":{"type":"branch","line":3,"loc":{"start":{"line":3,"column":64},"end":{"line":7,"column":3}},"locations":[{"start":{"line":3,"column":64},"end":{"line":7,"column":3}}]}},"b":{"0":[2],"1":[1],"2":[1]},"fnMap":{"0":{"name":"reduceString","decl":{"start":{"line":1,"column":21},"end":{"line":9,"column":2}},"loc":{"start":{"line":1,"column":21},"end":{"line":9,"column":2}},"line":1}},"f":{"0":2}}
,"C:\\Users\\quits\\Documents\\Curriculo Ronald Vezga Colombia 2021\\Cursos\\MasterLogica\\exercise22\\exercise22.js": {"path":"C:\\Users\\quits\\Documents\\Curriculo Ronald Vezga Colombia 2021\\Cursos\\MasterLogica\\exercise22\\exercise22.js","all":false,"statementMap":{"0":{"start":{"line":1,"column":0},"end":{"line":1,"column":46}},"1":{"start":{"line":2,"column":0},"end":{"line":2,"column":26}},"2":{"start":{"line":3,"column":0},"end":{"line":3,"column":82}},"3":{"start":{"line":4,"column":0},"end":{"line":4,"column":33}},"4":{"start":{"line":5,"column":0},"end":{"line":5,"column":82}},"5":{"start":{"line":6,"column":0},"end":{"line":6,"column":35}},"6":{"start":{"line":7,"column":0},"end":{"line":7,"column":80}},"7":{"start":{"line":8,"column":0},"end":{"line":8,"column":10}},"8":{"start":{"line":9,"column":0},"end":{"line":9,"column":31}},"9":{"start":{"line":10,"column":0},"end":{"line":10,"column":3}},"10":{"start":{"line":11,"column":0},"end":{"line":11,"column":2}},"11":{"start":{"line":12,"column":0},"end":{"line":12,"column":0}},"12":{"start":{"line":13,"column":0},"end":{"line":13,"column":32}}},"s":{"0":1,"1":4,"2":1,"3":4,"4":1,"5":3,"6":1,"7":1,"8":1,"9":1,"10":4,"11":1,"12":1},"branchMap":{"0":{"type":"branch","line":1,"loc":{"start":{"line":1,"column":23},"end":{"line":11,"column":2}},"locations":[{"start":{"line":1,"column":23},"end":{"line":11,"column":2}}]},"1":{"type":"branch","line":2,"loc":{"start":{"line":2,"column":25},"end":{"line":4,"column":9}},"locations":[{"start":{"line":2,"column":25},"end":{"line":4,"column":9}}]},"2":{"type":"branch","line":4,"loc":{"start":{"line":4,"column":3},"end":{"line":10,"column":3}},"locations":[{"start":{"line":4,"column":3},"end":{"line":10,"column":3}}]},"3":{"type":"branch","line":4,"loc":{"start":{"line":4,"column":32},"end":{"line":6,"column":9}},"locations":[{"start":{"line":4,"column":32},"end":{"line":6,"column":9}}]},"4":{"type":"branch","line":6,"loc":{"start":{"line":6,"column":3},"end":{"line":10,"column":3}},"locations":[{"start":{"line":6,"column":3},"end":{"line":10,"column":3}}]},"5":{"type":"branch","line":6,"loc":{"start":{"line":6,"column":34},"end":{"line":10,"column":3}},"locations":[{"start":{"line":6,"column":34},"end":{"line":10,"column":3}}]}},"b":{"0":[4],"1":[1],"2":[3],"3":[1],"4":[2],"5":[1]},"fnMap":{"0":{"name":"getMayorNumber","decl":{"start":{"line":1,"column":23},"end":{"line":11,"column":2}},"loc":{"start":{"line":1,"column":23},"end":{"line":11,"column":2}},"line":1}},"f":{"0":4}}
,"C:\\Users\\quits\\Documents\\Curriculo Ronald Vezga Colombia 2021\\Cursos\\MasterLogica\\exercise23\\exercise23.js": {"path":"C:\\Users\\quits\\Documents\\Curriculo Ronald Vezga Colombia 2021\\Cursos\\MasterLogica\\exercise23\\exercise23.js","all":false,"statementMap":{"0":{"start":{"line":1,"column":0},"end":{"line":1,"column":38}},"1":{"start":{"line":2,"column":0},"end":{"line":2,"column":33}},"2":{"start":{"line":3,"column":0},"end":{"line":3,"column":18}},"3":{"start":{"line":4,"column":0},"end":{"line":4,"column":43}},"4":{"start":{"line":5,"column":0},"end":{"line":5,"column":16}},"5":{"start":{"line":6,"column":0},"end":{"line":6,"column":79}},"6":{"start":{"line":7,"column":0},"end":{"line":7,"column":6}},"7":{"start":{"line":8,"column":0},"end":{"line":8,"column":3}},"8":{"start":{"line":9,"column":0},"end":{"line":9,"column":32}},"9":{"start":{"line":10,"column":0},"end":{"line":10,"column":16}},"10":{"start":{"line":11,"column":0},"end":{"line":11,"column":2}},"11":{"start":{"line":12,"column":0},"end":{"line":12,"column":0}},"12":{"start":{"line":13,"column":0},"end":{"line":13,"column":34}}},"s":{"0":1,"1":1,"2":1,"3":1,"4":4,"5":4,"6":4,"7":4,"8":1,"9":1,"10":1,"11":1,"12":1},"branchMap":{"0":{"type":"branch","line":1,"loc":{"start":{"line":1,"column":26},"end":{"line":11,"column":2}},"locations":[{"start":{"line":1,"column":26},"end":{"line":11,"column":2}}]},"1":{"type":"branch","line":4,"loc":{"start":{"line":4,"column":42},"end":{"line":8,"column":3}},"locations":[{"start":{"line":4,"column":42},"end":{"line":8,"column":3}}]}},"b":{"0":[1],"1":[4]},"fnMap":{"0":{"name":"wordsToUpperCase","decl":{"start":{"line":1,"column":26},"end":{"line":11,"column":2}},"loc":{"start":{"line":1,"column":26},"end":{"line":11,"column":2}},"line":1}},"f":{"0":1}}
,"C:\\Users\\quits\\Documents\\Curriculo Ronald Vezga Colombia 2021\\Cursos\\MasterLogica\\exercise24\\exercise24.js": {"path":"C:\\Users\\quits\\Documents\\Curriculo Ronald Vezga Colombia 2021\\Cursos\\MasterLogica\\exercise24\\exercise24.js","all":false,"statementMap":{"0":{"start":{"line":1,"column":0},"end":{"line":1,"column":40}},"1":{"start":{"line":2,"column":0},"end":{"line":2,"column":34}},"2":{"start":{"line":3,"column":0},"end":{"line":3,"column":36}},"3":{"start":{"line":4,"column":0},"end":{"line":4,"column":42}},"4":{"start":{"line":5,"column":0},"end":{"line":5,"column":19}},"5":{"start":{"line":6,"column":0},"end":{"line":6,"column":5}},"6":{"start":{"line":7,"column":0},"end":{"line":7,"column":3}},"7":{"start":{"line":8,"column":0},"end":{"line":8,"column":14}},"8":{"start":{"line":9,"column":0},"end":{"line":9,"column":2}},"9":{"start":{"line":10,"column":0},"end":{"line":10,"column":0}},"10":{"start":{"line":11,"column":0},"end":{"line":11,"column":29}}},"s":{"0":1,"1":2,"2":2,"3":18,"4":1,"5":1,"6":18,"7":1,"8":1,"9":1,"10":1},"branchMap":{"0":{"type":"branch","line":1,"loc":{"start":{"line":1,"column":20},"end":{"line":9,"column":2}},"locations":[{"start":{"line":1,"column":20},"end":{"line":9,"column":2}}]},"1":{"type":"branch","line":3,"loc":{"start":{"line":3,"column":35},"end":{"line":7,"column":3}},"locations":[{"start":{"line":3,"column":35},"end":{"line":7,"column":3}}]},"2":{"type":"branch","line":4,"loc":{"start":{"line":4,"column":41},"end":{"line":6,"column":5}},"locations":[{"start":{"line":4,"column":41},"end":{"line":6,"column":5}}]},"3":{"type":"branch","line":8,"loc":{"start":{"line":8,"column":-2},"end":{"line":9,"column":2}},"locations":[{"start":{"line":8,"column":-2},"end":{"line":9,"column":2}}]}},"b":{"0":[2],"1":[18],"2":[1],"3":[1]},"fnMap":{"0":{"name":"permutation","decl":{"start":{"line":1,"column":20},"end":{"line":9,"column":2}},"loc":{"start":{"line":1,"column":20},"end":{"line":9,"column":2}},"line":1}},"f":{"0":2}}
,"C:\\Users\\quits\\Documents\\Curriculo Ronald Vezga Colombia 2021\\Cursos\\MasterLogica\\exercise25\\exercise25.js": {"path":"C:\\Users\\quits\\Documents\\Curriculo Ronald Vezga Colombia 2021\\Cursos\\MasterLogica\\exercise25\\exercise25.js","all":false,"statementMap":{"0":{"start":{"line":1,"column":0},"end":{"line":1,"column":43}},"1":{"start":{"line":2,"column":0},"end":{"line":2,"column":20}},"2":{"start":{"line":3,"column":0},"end":{"line":3,"column":8}},"3":{"start":{"line":4,"column":0},"end":{"line":4,"column":8}},"4":{"start":{"line":5,"column":0},"end":{"line":5,"column":8}},"5":{"start":{"line":6,"column":0},"end":{"line":6,"column":8}},"6":{"start":{"line":7,"column":0},"end":{"line":7,"column":8}},"7":{"start":{"line":8,"column":0},"end":{"line":8,"column":8}},"8":{"start":{"line":9,"column":0},"end":{"line":9,"column":8}},"9":{"start":{"line":10,"column":0},"end":{"line":10,"column":8}},"10":{"start":{"line":11,"column":0},"end":{"line":11,"column":8}},"11":{"start":{"line":12,"column":0},"end":{"line":12,"column":8}},"12":{"start":{"line":13,"column":0},"end":{"line":13,"column":8}},"13":{"start":{"line":14,"column":0},"end":{"line":14,"column":8}},"14":{"start":{"line":15,"column":0},"end":{"line":15,"column":8}},"15":{"start":{"line":16,"column":0},"end":{"line":16,"column":8}},"16":{"start":{"line":17,"column":0},"end":{"line":17,"column":8}},"17":{"start":{"line":18,"column":0},"end":{"line":18,"column":8}},"18":{"start":{"line":19,"column":0},"end":{"line":19,"column":8}},"19":{"start":{"line":20,"column":0},"end":{"line":20,"column":8}},"20":{"start":{"line":21,"column":0},"end":{"line":21,"column":8}},"21":{"start":{"line":22,"column":0},"end":{"line":22,"column":8}},"22":{"start":{"line":23,"column":0},"end":{"line":23,"column":8}},"23":{"start":{"line":24,"column":0},"end":{"line":24,"column":8}},"24":{"start":{"line":25,"column":0},"end":{"line":25,"column":8}},"25":{"start":{"line":26,"column":0},"end":{"line":26,"column":8}},"26":{"start":{"line":27,"column":0},"end":{"line":27,"column":8}},"27":{"start":{"line":28,"column":0},"end":{"line":28,"column":8}},"28":{"start":{"line":29,"column":0},"end":{"line":29,"column":4}},"29":{"start":{"line":30,"column":0},"end":{"line":30,"column":29}},"30":{"start":{"line":31,"column":0},"end":{"line":31,"column":29}},"31":{"start":{"line":32,"column":0},"end":{"line":32,"column":31}},"32":{"start":{"line":33,"column":0},"end":{"line":33,"column":42}},"33":{"start":{"line":34,"column":0},"end":{"line":34,"column":38}},"34":{"start":{"line":35,"column":0},"end":{"line":35,"column":27}},"35":{"start":{"line":36,"column":0},"end":{"line":36,"column":12}},"36":{"start":{"line":37,"column":0},"end":{"line":37,"column":27}},"37":{"start":{"line":38,"column":0},"end":{"line":38,"column":5}},"38":{"start":{"line":39,"column":0},"end":{"line":39,"column":3}},"39":{"start":{"line":40,"column":0},"end":{"line":40,"column":48}},"40":{"start":{"line":41,"column":0},"end":{"line":41,"column":32}},"41":{"start":{"line":42,"column":0},"end":{"line":42,"column":10}},"42":{"start":{"line":43,"column":0},"end":{"line":43,"column":32}},"43":{"start":{"line":44,"column":0},"end":{"line":44,"column":3}},"44":{"start":{"line":45,"column":0},"end":{"line":45,"column":2}},"45":{"start":{"line":46,"column":0},"end":{"line":46,"column":0}},"46":{"start":{"line":47,"column":0},"end":{"line":47,"column":39}}},"s":{"0":1,"1":2,"2":2,"3":2,"4":2,"5":2,"6":2,"7":2,"8":2,"9":2,"10":2,"11":2,"12":2,"13":2,"14":2,"15":2,"16":2,"17":2,"18":2,"19":2,"20":2,"21":2,"22":2,"23":2,"24":2,"25":2,"26":2,"27":2,"28":2,"29":2,"30":2,"31":2,"32":2,"33":11,"34":5,"35":11,"36":6,"37":6,"38":11,"39":2,"40":1,"41":1,"42":1,"43":1,"44":2,"45":1,"46":1},"branchMap":{"0":{"type":"branch","line":1,"loc":{"start":{"line":1,"column":31},"end":{"line":45,"column":2}},"locations":[{"start":{"line":1,"column":31},"end":{"line":45,"column":2}}]},"1":{"type":"branch","line":33,"loc":{"start":{"line":33,"column":41},"end":{"line":39,"column":3}},"locations":[{"start":{"line":33,"column":41},"end":{"line":39,"column":3}}]},"2":{"type":"branch","line":34,"loc":{"start":{"line":34,"column":37},"end":{"line":36,"column":11}},"locations":[{"start":{"line":34,"column":37},"end":{"line":36,"column":11}}]},"3":{"type":"branch","line":36,"loc":{"start":{"line":36,"column":5},"end":{"line":38,"column":5}},"locations":[{"start":{"line":36,"column":5},"end":{"line":38,"column":5}}]},"4":{"type":"branch","line":40,"loc":{"start":{"line":40,"column":47},"end":{"line":44,"column":3}},"locations":[{"start":{"line":40,"column":47},"end":{"line":44,"column":3}}]}},"b":{"0":[2],"1":[11],"2":[5],"3":[6],"4":[1]},"fnMap":{"0":{"name":"checkUpperOrLowerCase","decl":{"start":{"line":1,"column":31},"end":{"line":45,"column":2}},"loc":{"start":{"line":1,"column":31},"end":{"line":45,"column":2}},"line":1}},"f":{"0":2}}
,"C:\\Users\\quits\\Documents\\Curriculo Ronald Vezga Colombia 2021\\Cursos\\MasterLogica\\exercise26\\exercise26.js": {"path":"C:\\Users\\quits\\Documents\\Curriculo Ronald Vezga Colombia 2021\\Cursos\\MasterLogica\\exercise26\\exercise26.js","all":false,"statementMap":{"0":{"start":{"line":1,"column":0},"end":{"line":1,"column":31}},"1":{"start":{"line":2,"column":0},"end":{"line":2,"column":22}},"2":{"start":{"line":3,"column":0},"end":{"line":3,"column":20}},"3":{"start":{"line":4,"column":0},"end":{"line":4,"column":39}},"4":{"start":{"line":5,"column":0},"end":{"line":5,"column":42}},"5":{"start":{"line":6,"column":0},"end":{"line":6,"column":5}},"6":{"start":{"line":7,"column":0},"end":{"line":7,"column":34}},"7":{"start":{"line":8,"column":0},"end":{"line":8,"column":18}},"8":{"start":{"line":9,"column":0},"end":{"line":9,"column":1}},"9":{"start":{"line":10,"column":0},"end":{"line":10,"column":0}},"10":{"start":{"line":11,"column":0},"end":{"line":11,"column":27}}},"s":{"0":1,"1":1,"2":1,"3":1,"4":9,"5":9,"6":1,"7":1,"8":1,"9":1,"10":1},"branchMap":{"0":{"type":"branch","line":1,"loc":{"start":{"line":1,"column":19},"end":{"line":9,"column":1}},"locations":[{"start":{"line":1,"column":19},"end":{"line":9,"column":1}}]},"1":{"type":"branch","line":4,"loc":{"start":{"line":4,"column":38},"end":{"line":6,"column":5}},"locations":[{"start":{"line":4,"column":38},"end":{"line":6,"column":5}}]}},"b":{"0":[1],"1":[9]},"fnMap":{"0":{"name":"fibonacci","decl":{"start":{"line":1,"column":19},"end":{"line":9,"column":1}},"loc":{"start":{"line":1,"column":19},"end":{"line":9,"column":1}},"line":1}},"f":{"0":1}}
,"C:\\Users\\quits\\Documents\\Curriculo Ronald Vezga Colombia 2021\\Cursos\\MasterLogica\\exercise27\\exercise27.js": {"path":"C:\\Users\\quits\\Documents\\Curriculo Ronald Vezga Colombia 2021\\Cursos\\MasterLogica\\exercise27\\exercise27.js","all":false,"statementMap":{"0":{"start":{"line":1,"column":0},"end":{"line":1,"column":27}},"1":{"start":{"line":2,"column":0},"end":{"line":2,"column":37}},"2":{"start":{"line":3,"column":0},"end":{"line":3,"column":35}},"3":{"start":{"line":4,"column":0},"end":{"line":4,"column":46}},"4":{"start":{"line":5,"column":0},"end":{"line":5,"column":39}},"5":{"start":{"line":6,"column":0},"end":{"line":6,"column":85}},"6":{"start":{"line":7,"column":0},"end":{"line":7,"column":18}},"7":{"start":{"line":8,"column":0},"end":{"line":8,"column":1}},"8":{"start":{"line":9,"column":0},"end":{"line":9,"column":0}},"9":{"start":{"line":10,"column":0},"end":{"line":10,"column":25}}},"s":{"0":1,"1":1,"2":1,"3":1,"4":1,"5":1,"6":1,"7":1,"8":1,"9":1},"branchMap":{"0":{"type":"branch","line":1,"loc":{"start":{"line":1,"column":17},"end":{"line":8,"column":1}},"locations":[{"start":{"line":1,"column":17},"end":{"line":8,"column":1}}]}},"b":{"0":[1]},"fnMap":{"0":{"name":"getDays","decl":{"start":{"line":1,"column":17},"end":{"line":8,"column":1}},"loc":{"start":{"line":1,"column":17},"end":{"line":8,"column":1}},"line":1}},"f":{"0":1}}
,"C:\\Users\\quits\\Documents\\Curriculo Ronald Vezga Colombia 2021\\Cursos\\MasterLogica\\exercise28\\exercise28.js": {"path":"C:\\Users\\quits\\Documents\\Curriculo Ronald Vezga Colombia 2021\\Cursos\\MasterLogica\\exercise28\\exercise28.js","all":false,"statementMap":{"0":{"start":{"line":1,"column":0},"end":{"line":1,"column":31}},"1":{"start":{"line":2,"column":0},"end":{"line":2,"column":19}},"2":{"start":{"line":3,"column":0},"end":{"line":3,"column":39}},"3":{"start":{"line":4,"column":0},"end":{"line":4,"column":20}},"4":{"start":{"line":5,"column":0},"end":{"line":5,"column":5}},"5":{"start":{"line":6,"column":0},"end":{"line":6,"column":18}},"6":{"start":{"line":7,"column":0},"end":{"line":7,"column":1}},"7":{"start":{"line":8,"column":0},"end":{"line":8,"column":0}},"8":{"start":{"line":9,"column":0},"end":{"line":9,"column":27}}},"s":{"0":1,"1":1,"2":1,"3":8,"4":8,"5":1,"6":1,"7":1,"8":1},"branchMap":{"0":{"type":"branch","line":1,"loc":{"start":{"line":1,"column":19},"end":{"line":7,"column":1}},"locations":[{"start":{"line":1,"column":19},"end":{"line":7,"column":1}}]},"1":{"type":"branch","line":3,"loc":{"start":{"line":3,"column":38},"end":{"line":5,"column":5}},"locations":[{"start":{"line":3,"column":38},"end":{"line":5,"column":5}}]}},"b":{"0":[1],"1":[8]},"fnMap":{"0":{"name":"factorial","decl":{"start":{"line":1,"column":19},"end":{"line":7,"column":1}},"loc":{"start":{"line":1,"column":19},"end":{"line":7,"column":1}},"line":1}},"f":{"0":1}}
,"C:\\Users\\quits\\Documents\\Curriculo Ronald Vezga Colombia 2021\\Cursos\\MasterLogica\\exercise29\\exercise29.js": {"path":"C:\\Users\\quits\\Documents\\Curriculo Ronald Vezga Colombia 2021\\Cursos\\MasterLogica\\exercise29\\exercise29.js","all":false,"statementMap":{"0":{"start":{"line":1,"column":0},"end":{"line":1,"column":29}},"1":{"start":{"line":2,"column":0},"end":{"line":2,"column":60}},"2":{"start":{"line":3,"column":0},"end":{"line":3,"column":55}},"3":{"start":{"line":4,"column":0},"end":{"line":4,"column":33}},"4":{"start":{"line":5,"column":0},"end":{"line":5,"column":16}},"5":{"start":{"line":6,"column":0},"end":{"line":6,"column":10}},"6":{"start":{"line":7,"column":0},"end":{"line":7,"column":17}},"7":{"start":{"line":8,"column":0},"end":{"line":8,"column":3}},"8":{"start":{"line":9,"column":0},"end":{"line":9,"column":2}},"9":{"start":{"line":10,"column":0},"end":{"line":10,"column":0}},"10":{"start":{"line":11,"column":0},"end":{"line":11,"column":25}}},"s":{"0":1,"1":2,"2":2,"3":2,"4":1,"5":1,"6":1,"7":1,"8":2,"9":1,"10":1},"branchMap":{"0":{"type":"branch","line":1,"loc":{"start":{"line":1,"column":17},"end":{"line":9,"column":2}},"locations":[{"start":{"line":1,"column":17},"end":{"line":9,"column":2}}]},"1":{"type":"branch","line":4,"loc":{"start":{"line":4,"column":32},"end":{"line":8,"column":3}},"locations":[{"start":{"line":4,"column":32},"end":{"line":8,"column":3}}]}},"b":{"0":[2],"1":[1]},"fnMap":{"0":{"name":"capicua","decl":{"start":{"line":1,"column":17},"end":{"line":9,"column":2}},"loc":{"start":{"line":1,"column":17},"end":{"line":9,"column":2}},"line":1}},"f":{"0":2}}
,"C:\\Users\\quits\\Documents\\Curriculo Ronald Vezga Colombia 2021\\Cursos\\MasterLogica\\exercise3\\exercise3.js": {"path":"C:\\Users\\quits\\Documents\\Curriculo Ronald Vezga Colombia 2021\\Cursos\\MasterLogica\\exercise3\\exercise3.js","all":false,"statementMap":{"0":{"start":{"line":1,"column":0},"end":{"line":1,"column":48}},"1":{"start":{"line":2,"column":0},"end":{"line":2,"column":19}},"2":{"start":{"line":3,"column":0},"end":{"line":3,"column":22}},"3":{"start":{"line":4,"column":0},"end":{"line":4,"column":80}},"4":{"start":{"line":5,"column":0},"end":{"line":5,"column":42}},"5":{"start":{"line":6,"column":0},"end":{"line":6,"column":36}},"6":{"start":{"line":7,"column":0},"end":{"line":7,"column":35}},"7":{"start":{"line":8,"column":0},"end":{"line":8,"column":33}},"8":{"start":{"line":9,"column":0},"end":{"line":9,"column":20}},"9":{"start":{"line":10,"column":0},"end":{"line":10,"column":34}},"10":{"start":{"line":11,"column":0},"end":{"line":11,"column":13}},"11":{"start":{"line":12,"column":0},"end":{"line":12,"column":9}},"12":{"start":{"line":13,"column":0},"end":{"line":13,"column":38}},"13":{"start":{"line":14,"column":0},"end":{"line":14,"column":22}},"14":{"start":{"line":15,"column":0},"end":{"line":15,"column":12}},"15":{"start":{"line":16,"column":0},"end":{"line":16,"column":22}},"16":{"start":{"line":17,"column":0},"end":{"line":17,"column":5}},"17":{"start":{"line":18,"column":0},"end":{"line":18,"column":0}},"18":{"start":{"line":19,"column":0},"end":{"line":19,"column":2}},"19":{"start":{"line":20,"column":0},"end":{"line":20,"column":0}},"20":{"start":{"line":21,"column":0},"end":{"line":21,"column":30}}},"s":{"0":1,"1":2,"2":2,"3":2,"4":2,"5":1,"6":14,"7":5,"8":14,"9":9,"10":9,"11":14,"12":1,"13":1,"14":1,"15":1,"16":1,"17":2,"18":2,"19":1,"20":1},"branchMap":{"0":{"type":"branch","line":1,"loc":{"start":{"line":1,"column":21},"end":{"line":19,"column":2}},"locations":[{"start":{"line":1,"column":21},"end":{"line":19,"column":2}}]},"1":{"type":"branch","line":5,"loc":{"start":{"line":5,"column":41},"end":{"line":17,"column":5}},"locations":[{"start":{"line":5,"column":41},"end":{"line":17,"column":5}}]},"2":{"type":"branch","line":6,"loc":{"start":{"line":6,"column":35},"end":{"line":12,"column":9}},"locations":[{"start":{"line":6,"column":35},"end":{"line":12,"column":9}}]},"3":{"type":"branch","line":7,"loc":{"start":{"line":7,"column":34},"end":{"line":9,"column":19}},"locations":[{"start":{"line":7,"column":34},"end":{"line":9,"column":19}}]},"4":{"type":"branch","line":9,"loc":{"start":{"line":9,"column":13},"end":{"line":11,"column":13}},"locations":[{"start":{"line":9,"column":13},"end":{"line":11,"column":13}}]}},"b":{"0":[2],"1":[1],"2":[14],"3":[5],"4":[9]},"fnMap":{"0":{"name":"coincidences","decl":{"start":{"line":1,"column":21},"end":{"line":19,"column":2}},"loc":{"start":{"line":1,"column":21},"end":{"line":19,"column":2}},"line":1}},"f":{"0":2}}
,"C:\\Users\\quits\\Documents\\Curriculo Ronald Vezga Colombia 2021\\Cursos\\MasterLogica\\exercise30\\exercise30.js": {"path":"C:\\Users\\quits\\Documents\\Curriculo Ronald Vezga Colombia 2021\\Cursos\\MasterLogica\\exercise30\\exercise30.js","all":false,"statementMap":{"0":{"start":{"line":1,"column":0},"end":{"line":1,"column":37}},"1":{"start":{"line":2,"column":0},"end":{"line":2,"column":48}},"2":{"start":{"line":3,"column":0},"end":{"line":3,"column":73}},"3":{"start":{"line":4,"column":0},"end":{"line":4,"column":5}},"4":{"start":{"line":5,"column":0},"end":{"line":5,"column":16}},"5":{"start":{"line":6,"column":0},"end":{"line":6,"column":2}},"6":{"start":{"line":7,"column":0},"end":{"line":7,"column":0}},"7":{"start":{"line":8,"column":0},"end":{"line":8,"column":70}},"8":{"start":{"line":9,"column":0},"end":{"line":9,"column":0}},"9":{"start":{"line":10,"column":0},"end":{"line":10,"column":34}}},"s":{"0":1,"1":2,"2":22,"3":22,"4":2,"5":2,"6":1,"7":1,"8":1,"9":1},"branchMap":{"0":{"type":"branch","line":1,"loc":{"start":{"line":1,"column":26},"end":{"line":6,"column":2}},"locations":[{"start":{"line":1,"column":26},"end":{"line":6,"column":2}}]},"1":{"type":"branch","line":2,"loc":{"start":{"line":2,"column":28},"end":{"line":4,"column":5}},"locations":[{"start":{"line":2,"column":28},"end":{"line":4,"column":5}}]},"2":{"type":"branch","line":3,"loc":{"start":{"line":3,"column":11},"end":{"line":3,"column":73}},"locations":[{"start":{"line":3,"column":11},"end":{"line":3,"column":73}}]}},"b":{"0":[2],"1":[22],"2":[18]},"fnMap":{"0":{"name":"removeDuplicates","decl":{"start":{"line":1,"column":26},"end":{"line":6,"column":2}},"loc":{"start":{"line":1,"column":26},"end":{"line":6,"column":2}},"line":1}},"f":{"0":2}}
,"C:\\Users\\quits\\Documents\\Curriculo Ronald Vezga Colombia 2021\\Cursos\\MasterLogica\\exercise31\\exercise31.js": {"path":"C:\\Users\\quits\\Documents\\Curriculo Ronald Vezga Colombia 2021\\Cursos\\MasterLogica\\exercise31\\exercise31.js","all":false,"statementMap":{"0":{"start":{"line":1,"column":0},"end":{"line":1,"column":32}},"1":{"start":{"line":2,"column":0},"end":{"line":2,"column":28}},"2":{"start":{"line":3,"column":0},"end":{"line":3,"column":22}},"3":{"start":{"line":4,"column":0},"end":{"line":4,"column":27}},"4":{"start":{"line":5,"column":0},"end":{"line":5,"column":31}},"5":{"start":{"line":6,"column":0},"end":{"line":6,"column":27}},"6":{"start":{"line":7,"column":0},"end":{"line":7,"column":47}},"7":{"start":{"line":8,"column":0},"end":{"line":8,"column":28}},"8":{"start":{"line":9,"column":0},"end":{"line":9,"column":32}},"9":{"start":{"line":10,"column":0},"end":{"line":10,"column":27}},"10":{"start":{"line":11,"column":0},"end":{"line":11,"column":48}},"11":{"start":{"line":12,"column":0},"end":{"line":12,"column":29}},"12":{"start":{"line":13,"column":0},"end":{"line":13,"column":3}},"13":{"start":{"line":14,"column":0},"end":{"line":14,"column":16}},"14":{"start":{"line":15,"column":0},"end":{"line":15,"column":2}},"15":{"start":{"line":16,"column":0},"end":{"line":16,"column":0}},"16":{"start":{"line":17,"column":0},"end":{"line":17,"column":26}}},"s":{"0":1,"1":6,"2":6,"3":1,"4":6,"5":1,"6":5,"7":1,"8":4,"9":1,"10":3,"11":1,"12":1,"13":6,"14":6,"15":1,"16":1},"branchMap":{"0":{"type":"branch","line":1,"loc":{"start":{"line":1,"column":18},"end":{"line":15,"column":2}},"locations":[{"start":{"line":1,"column":18},"end":{"line":15,"column":2}}]},"1":{"type":"branch","line":3,"loc":{"start":{"line":3,"column":21},"end":{"line":5,"column":9}},"locations":[{"start":{"line":3,"column":21},"end":{"line":5,"column":9}}]},"2":{"type":"branch","line":5,"loc":{"start":{"line":5,"column":3},"end":{"line":13,"column":3}},"locations":[{"start":{"line":5,"column":3},"end":{"line":13,"column":3}}]},"3":{"type":"branch","line":5,"loc":{"start":{"line":5,"column":30},"end":{"line":7,"column":9}},"locations":[{"start":{"line":5,"column":30},"end":{"line":7,"column":9}}]},"4":{"type":"branch","line":7,"loc":{"start":{"line":7,"column":3},"end":{"line":13,"column":3}},"locations":[{"start":{"line":7,"column":3},"end":{"line":13,"column":3}}]},"5":{"type":"branch","line":7,"loc":{"start":{"line":7,"column":46},"end":{"line":9,"column":9}},"locations":[{"start":{"line":7,"column":46},"end":{"line":9,"column":9}}]},"6":{"type":"branch","line":9,"loc":{"start":{"line":9,"column":3},"end":{"line":13,"column":3}},"locations":[{"start":{"line":9,"column":3},"end":{"line":13,"column":3}}]},"7":{"type":"branch","line":9,"loc":{"start":{"line":9,"column":31},"end":{"line":11,"column":9}},"locations":[{"start":{"line":9,"column":31},"end":{"line":11,"column":9}}]},"8":{"type":"branch","line":11,"loc":{"start":{"line":11,"column":3},"end":{"line":13,"column":3}},"locations":[{"start":{"line":11,"column":3},"end":{"line":13,"column":3}}]},"9":{"type":"branch","line":11,"loc":{"start":{"line":11,"column":47},"end":{"line":13,"column":3}},"locations":[{"start":{"line":11,"column":47},"end":{"line":13,"column":3}}]}},"b":{"0":[6],"1":[1],"2":[5],"3":[1],"4":[4],"5":[1],"6":[3],"7":[1],"8":[2],"9":[1]},"fnMap":{"0":{"name":"getAngle","decl":{"start":{"line":1,"column":18},"end":{"line":15,"column":2}},"loc":{"start":{"line":1,"column":18},"end":{"line":15,"column":2}},"line":1}},"f":{"0":6}}
,"C:\\Users\\quits\\Documents\\Curriculo Ronald Vezga Colombia 2021\\Cursos\\MasterLogica\\exercise32\\exercise32.js": {"path":"C:\\Users\\quits\\Documents\\Curriculo Ronald Vezga Colombia 2021\\Cursos\\MasterLogica\\exercise32\\exercise32.js","all":false,"statementMap":{"0":{"start":{"line":1,"column":0},"end":{"line":1,"column":32}},"1":{"start":{"line":2,"column":0},"end":{"line":2,"column":49}},"2":{"start":{"line":3,"column":0},"end":{"line":3,"column":38}},"3":{"start":{"line":4,"column":0},"end":{"line":4,"column":5}},"4":{"start":{"line":5,"column":0},"end":{"line":5,"column":47}},"5":{"start":{"line":6,"column":0},"end":{"line":6,"column":30}},"6":{"start":{"line":7,"column":0},"end":{"line":7,"column":5}},"7":{"start":{"line":8,"column":0},"end":{"line":8,"column":16}},"8":{"start":{"line":9,"column":0},"end":{"line":9,"column":2}},"9":{"start":{"line":10,"column":0},"end":{"line":10,"column":0}},"10":{"start":{"line":11,"column":0},"end":{"line":11,"column":29}}},"s":{"0":1,"1":1,"2":11,"3":11,"4":1,"5":9,"6":9,"7":1,"8":1,"9":1,"10":1},"branchMap":{"0":{"type":"branch","line":1,"loc":{"start":{"line":1,"column":21},"end":{"line":9,"column":2}},"locations":[{"start":{"line":1,"column":21},"end":{"line":9,"column":2}}]},"1":{"type":"branch","line":2,"loc":{"start":{"line":2,"column":37},"end":{"line":4,"column":5}},"locations":[{"start":{"line":2,"column":37},"end":{"line":4,"column":5}}]},"2":{"type":"branch","line":5,"loc":{"start":{"line":5,"column":35},"end":{"line":7,"column":5}},"locations":[{"start":{"line":5,"column":35},"end":{"line":7,"column":5}}]}},"b":{"0":[1],"1":[11],"2":[9]},"fnMap":{"0":{"name":"squareArray","decl":{"start":{"line":1,"column":21},"end":{"line":9,"column":2}},"loc":{"start":{"line":1,"column":21},"end":{"line":9,"column":2}},"line":1}},"f":{"0":1}}
,"C:\\Users\\quits\\Documents\\Curriculo Ronald Vezga Colombia 2021\\Cursos\\MasterLogica\\exercise34\\exercise34.js": {"path":"C:\\Users\\quits\\Documents\\Curriculo Ronald Vezga Colombia 2021\\Cursos\\MasterLogica\\exercise34\\exercise34.js","all":false,"statementMap":{"0":{"start":{"line":1,"column":0},"end":{"line":1,"column":42}},"1":{"start":{"line":2,"column":0},"end":{"line":2,"column":30}},"2":{"start":{"line":3,"column":0},"end":{"line":3,"column":38}},"3":{"start":{"line":4,"column":0},"end":{"line":4,"column":41}},"4":{"start":{"line":5,"column":0},"end":{"line":5,"column":35}},"5":{"start":{"line":6,"column":0},"end":{"line":6,"column":17}},"6":{"start":{"line":7,"column":0},"end":{"line":7,"column":77}},"7":{"start":{"line":8,"column":0},"end":{"line":8,"column":17}},"8":{"start":{"line":9,"column":0},"end":{"line":9,"column":69}},"9":{"start":{"line":10,"column":0},"end":{"line":10,"column":27}},"10":{"start":{"line":11,"column":0},"end":{"line":11,"column":17}},"11":{"start":{"line":12,"column":0},"end":{"line":12,"column":72}},"12":{"start":{"line":13,"column":0},"end":{"line":13,"column":30}},"13":{"start":{"line":14,"column":0},"end":{"line":14,"column":21}},"14":{"start":{"line":15,"column":0},"end":{"line":15,"column":22}},"15":{"start":{"line":16,"column":0},"end":{"line":16,"column":49}},"16":{"start":{"line":17,"column":0},"end":{"line":17,"column":10}},"17":{"start":{"line":18,"column":0},"end":{"line":18,"column":15}},"18":{"start":{"line":19,"column":0},"end":{"line":19,"column":68}},"19":{"start":{"line":20,"column":0},"end":{"line":20,"column":26}},"20":{"start":{"line":21,"column":0},"end":{"line":21,"column":3}},"21":{"start":{"line":22,"column":0},"end":{"line":22,"column":14}},"22":{"start":{"line":23,"column":0},"end":{"line":23,"column":71}},"23":{"start":{"line":24,"column":0},"end":{"line":24,"column":16}},"24":{"start":{"line":25,"column":0},"end":{"line":25,"column":2}},"25":{"start":{"line":26,"column":0},"end":{"line":26,"column":0}},"26":{"start":{"line":27,"column":0},"end":{"line":27,"column":28}}},"s":{"0":1,"1":2,"2":2,"3":2,"4":2,"5":2,"6":2,"7":2,"8":2,"9":2,"10":2,"11":2,"12":2,"13":2,"14":2,"15":1,"16":1,"17":1,"18":1,"19":1,"20":1,"21":2,"22":2,"23":2,"24":2,"25":1,"26":1},"branchMap":{"0":{"type":"branch","line":1,"loc":{"start":{"line":1,"column":19},"end":{"line":25,"column":2}},"locations":[{"start":{"line":1,"column":19},"end":{"line":25,"column":2}}]},"1":{"type":"branch","line":15,"loc":{"start":{"line":15,"column":21},"end":{"line":21,"column":3}},"locations":[{"start":{"line":15,"column":21},"end":{"line":21,"column":3}}]}},"b":{"0":[2],"1":[1]},"fnMap":{"0":{"name":"operations","decl":{"start":{"line":1,"column":19},"end":{"line":25,"column":2}},"loc":{"start":{"line":1,"column":19},"end":{"line":25,"column":2}},"line":1}},"f":{"0":2}}
,"C:\\Users\\quits\\Documents\\Curriculo Ronald Vezga Colombia 2021\\Cursos\\MasterLogica\\exercise35\\exercise35.js": {"path":"C:\\Users\\quits\\Documents\\Curriculo Ronald Vezga Colombia 2021\\Cursos\\MasterLogica\\exercise35\\exercise35.js","all":false,"statementMap":{"0":{"start":{"line":1,"column":0},"end":{"line":1,"column":34}},"1":{"start":{"line":2,"column":0},"end":{"line":2,"column":18}},"2":{"start":{"line":3,"column":0},"end":{"line":3,"column":24}},"3":{"start":{"line":4,"column":0},"end":{"line":4,"column":39}},"4":{"start":{"line":5,"column":0},"end":{"line":5,"column":16}},"5":{"start":{"line":6,"column":0},"end":{"line":6,"column":2}},"6":{"start":{"line":7,"column":0},"end":{"line":7,"column":0}},"7":{"start":{"line":8,"column":0},"end":{"line":8,"column":31}}},"s":{"0":1,"1":1,"2":1,"3":1,"4":1,"5":1,"6":1,"7":1},"branchMap":{"0":{"type":"branch","line":1,"loc":{"start":{"line":1,"column":23},"end":{"line":6,"column":2}},"locations":[{"start":{"line":1,"column":23},"end":{"line":6,"column":2}}]}},"b":{"0":[1]},"fnMap":{"0":{"name":"getArrayValue","decl":{"start":{"line":1,"column":23},"end":{"line":6,"column":2}},"loc":{"start":{"line":1,"column":23},"end":{"line":6,"column":2}},"line":1}},"f":{"0":1}}
,"C:\\Users\\quits\\Documents\\Curriculo Ronald Vezga Colombia 2021\\Cursos\\MasterLogica\\exercise36\\exercise36.js": {"path":"C:\\Users\\quits\\Documents\\Curriculo Ronald Vezga Colombia 2021\\Cursos\\MasterLogica\\exercise36\\exercise36.js","all":false,"statementMap":{"0":{"start":{"line":1,"column":0},"end":{"line":1,"column":42}},"1":{"start":{"line":2,"column":0},"end":{"line":2,"column":17}},"2":{"start":{"line":3,"column":0},"end":{"line":3,"column":21}},"3":{"start":{"line":4,"column":0},"end":{"line":4,"column":28}},"4":{"start":{"line":5,"column":0},"end":{"line":5,"column":14}},"5":{"start":{"line":6,"column":0},"end":{"line":6,"column":78}},"6":{"start":{"line":7,"column":0},"end":{"line":7,"column":0}},"7":{"start":{"line":8,"column":0},"end":{"line":8,"column":37}},"8":{"start":{"line":9,"column":0},"end":{"line":9,"column":40}},"9":{"start":{"line":10,"column":0},"end":{"line":10,"column":18}},"10":{"start":{"line":11,"column":0},"end":{"line":11,"column":12}},"11":{"start":{"line":12,"column":0},"end":{"line":12,"column":22}},"12":{"start":{"line":13,"column":0},"end":{"line":13,"column":5}},"13":{"start":{"line":14,"column":0},"end":{"line":14,"column":3}},"14":{"start":{"line":15,"column":0},"end":{"line":15,"column":74}},"15":{"start":{"line":16,"column":0},"end":{"line":16,"column":16}},"16":{"start":{"line":17,"column":0},"end":{"line":17,"column":2}},"17":{"start":{"line":18,"column":0},"end":{"line":18,"column":0}},"18":{"start":{"line":19,"column":0},"end":{"line":19,"column":38}}},"s":{"0":1,"1":1,"2":1,"3":1,"4":1,"5":1,"6":1,"7":1,"8":5,"9":2,"10":5,"11":3,"12":3,"13":5,"14":1,"15":1,"16":1,"17":1,"18":1},"branchMap":{"0":{"type":"branch","line":1,"loc":{"start":{"line":1,"column":30},"end":{"line":17,"column":2}},"locations":[{"start":{"line":1,"column":30},"end":{"line":17,"column":2}}]},"1":{"type":"branch","line":8,"loc":{"start":{"line":8,"column":36},"end":{"line":14,"column":3}},"locations":[{"start":{"line":8,"column":36},"end":{"line":14,"column":3}}]},"2":{"type":"branch","line":9,"loc":{"start":{"line":9,"column":39},"end":{"line":11,"column":11}},"locations":[{"start":{"line":9,"column":39},"end":{"line":11,"column":11}}]},"3":{"type":"branch","line":11,"loc":{"start":{"line":11,"column":5},"end":{"line":13,"column":5}},"locations":[{"start":{"line":11,"column":5},"end":{"line":13,"column":5}}]},"4":{"type":"branch","line":6,"loc":{"start":{"line":6,"column":13},"end":{"line":6,"column":60}},"locations":[{"start":{"line":6,"column":13},"end":{"line":6,"column":60}}]}},"b":{"0":[1],"1":[5],"2":[2],"3":[3],"4":[5]},"fnMap":{"0":{"name":"getConsonantAndVowel","decl":{"start":{"line":1,"column":30},"end":{"line":17,"column":2}},"loc":{"start":{"line":1,"column":30},"end":{"line":17,"column":2}},"line":1}},"f":{"0":1}}
,"C:\\Users\\quits\\Documents\\Curriculo Ronald Vezga Colombia 2021\\Cursos\\MasterLogica\\exercise37\\exercise37.js": {"path":"C:\\Users\\quits\\Documents\\Curriculo Ronald Vezga Colombia 2021\\Cursos\\MasterLogica\\exercise37\\exercise37.js","all":false,"statementMap":{"0":{"start":{"line":1,"column":0},"end":{"line":1,"column":33}},"1":{"start":{"line":2,"column":0},"end":{"line":2,"column":15}},"2":{"start":{"line":3,"column":0},"end":{"line":3,"column":27}},"3":{"start":{"line":4,"column":0},"end":{"line":4,"column":33}},"4":{"start":{"line":5,"column":0},"end":{"line":5,"column":0}},"5":{"start":{"line":6,"column":0},"end":{"line":6,"column":33}},"6":{"start":{"line":7,"column":0},"end":{"line":7,"column":27}},"7":{"start":{"line":8,"column":0},"end":{"line":8,"column":3}},"8":{"start":{"line":9,"column":0},"end":{"line":9,"column":0}},"9":{"start":{"line":10,"column":0},"end":{"line":10,"column":31}},"10":{"start":{"line":11,"column":0},"end":{"line":11,"column":23}},"11":{"start":{"line":12,"column":0},"end":{"line":12,"column":21}},"12":{"start":{"line":13,"column":0},"end":{"line":13,"column":12}},"13":{"start":{"line":14,"column":0},"end":{"line":14,"column":23}},"14":{"start":{"line":15,"column":0},"end":{"line":15,"column":5}},"15":{"start":{"line":16,"column":0},"end":{"line":16,"column":3}},"16":{"start":{"line":17,"column":0},"end":{"line":17,"column":0}},"17":{"start":{"line":18,"column":0},"end":{"line":18,"column":30}},"18":{"start":{"line":19,"column":0},"end":{"line":19,"column":48}},"19":{"start":{"line":20,"column":0},"end":{"line":20,"column":44}},"20":{"start":{"line":21,"column":0},"end":{"line":21,"column":32}},"21":{"start":{"line":22,"column":0},"end":{"line":22,"column":5}},"22":{"start":{"line":23,"column":0},"end":{"line":23,"column":3}},"23":{"start":{"line":24,"column":0},"end":{"line":24,"column":0}},"24":{"start":{"line":25,"column":0},"end":{"line":25,"column":10}},"25":{"start":{"line":26,"column":0},"end":{"line":26,"column":41}},"26":{"start":{"line":27,"column":0},"end":{"line":27,"column":57}},"27":{"start":{"line":28,"column":0},"end":{"line":28,"column":4}},"28":{"start":{"line":29,"column":0},"end":{"line":29,"column":2}},"29":{"start":{"line":30,"column":0},"end":{"line":30,"column":0}},"30":{"start":{"line":31,"column":0},"end":{"line":31,"column":31}}},"s":{"0":1,"1":1,"2":1,"3":1,"4":1,"5":1,"6":1,"7":1,"8":1,"9":1,"10":3,"11":1,"12":3,"13":2,"14":2,"15":3,"16":1,"17":1,"18":2,"19":1,"20":1,"21":1,"22":2,"23":1,"24":1,"25":1,"26":1,"27":1,"28":1,"29":1,"30":1},"branchMap":{"0":{"type":"branch","line":1,"loc":{"start":{"line":1,"column":23},"end":{"line":29,"column":2}},"locations":[{"start":{"line":1,"column":23},"end":{"line":29,"column":2}}]},"1":{"type":"branch","line":10,"loc":{"start":{"line":10,"column":30},"end":{"line":16,"column":3}},"locations":[{"start":{"line":10,"column":30},"end":{"line":16,"column":3}}]},"2":{"type":"branch","line":11,"loc":{"start":{"line":11,"column":22},"end":{"line":13,"column":11}},"locations":[{"start":{"line":11,"column":22},"end":{"line":13,"column":11}}]},"3":{"type":"branch","line":13,"loc":{"start":{"line":13,"column":5},"end":{"line":15,"column":5}},"locations":[{"start":{"line":13,"column":5},"end":{"line":15,"column":5}}]},"4":{"type":"branch","line":18,"loc":{"start":{"line":18,"column":29},"end":{"line":23,"column":3}},"locations":[{"start":{"line":18,"column":29},"end":{"line":23,"column":3}}]},"5":{"type":"branch","line":19,"loc":{"start":{"line":19,"column":47},"end":{"line":22,"column":5}},"locations":[{"start":{"line":19,"column":47},"end":{"line":22,"column":5}}]}},"b":{"0":[1],"1":[3],"2":[1],"3":[2],"4":[2],"5":[1]},"fnMap":{"0":{"name":"theMostFinded","decl":{"start":{"line":1,"column":23},"end":{"line":29,"column":2}},"loc":{"start":{"line":1,"column":23},"end":{"line":29,"column":2}},"line":1}},"f":{"0":1}}
,"C:\\Users\\quits\\Documents\\Curriculo Ronald Vezga Colombia 2021\\Cursos\\MasterLogica\\exercise38\\exercise38.js": {"path":"C:\\Users\\quits\\Documents\\Curriculo Ronald Vezga Colombia 2021\\Cursos\\MasterLogica\\exercise38\\exercise38.js","all":false,"statementMap":{"0":{"start":{"line":1,"column":0},"end":{"line":1,"column":28}},"1":{"start":{"line":2,"column":0},"end":{"line":2,"column":27}},"2":{"start":{"line":3,"column":0},"end":{"line":3,"column":1}},"3":{"start":{"line":4,"column":0},"end":{"line":4,"column":0}},"4":{"start":{"line":5,"column":0},"end":{"line":5,"column":32}},"5":{"start":{"line":6,"column":0},"end":{"line":6,"column":26}},"6":{"start":{"line":7,"column":0},"end":{"line":7,"column":39}},"7":{"start":{"line":8,"column":0},"end":{"line":8,"column":37}},"8":{"start":{"line":9,"column":0},"end":{"line":9,"column":5}},"9":{"start":{"line":10,"column":0},"end":{"line":10,"column":24}},"10":{"start":{"line":11,"column":0},"end":{"line":11,"column":1}},"11":{"start":{"line":12,"column":0},"end":{"line":12,"column":0}},"12":{"start":{"line":13,"column":0},"end":{"line":13,"column":38}}},"s":{"0":1,"1":6,"2":6,"3":1,"4":1,"5":1,"6":1,"7":5,"8":5,"9":1,"10":1,"11":1,"12":1},"branchMap":{"0":{"type":"branch","line":1,"loc":{"start":{"line":1,"column":16},"end":{"line":3,"column":1}},"locations":[{"start":{"line":1,"column":16},"end":{"line":3,"column":1}}]},"1":{"type":"branch","line":5,"loc":{"start":{"line":5,"column":20},"end":{"line":11,"column":1}},"locations":[{"start":{"line":5,"column":20},"end":{"line":11,"column":1}}]},"2":{"type":"branch","line":7,"loc":{"start":{"line":7,"column":38},"end":{"line":9,"column":5}},"locations":[{"start":{"line":7,"column":38},"end":{"line":9,"column":5}}]}},"b":{"0":[6],"1":[1],"2":[5]},"fnMap":{"0":{"name":"square","decl":{"start":{"line":1,"column":16},"end":{"line":3,"column":1}},"loc":{"start":{"line":1,"column":16},"end":{"line":3,"column":1}},"line":1},"1":{"name":"showSquare","decl":{"start":{"line":5,"column":20},"end":{"line":11,"column":1}},"loc":{"start":{"line":5,"column":20},"end":{"line":11,"column":1}},"line":5}},"f":{"0":6,"1":1}}
,"C:\\Users\\quits\\Documents\\Curriculo Ronald Vezga Colombia 2021\\Cursos\\MasterLogica\\exercise39\\exercise39.js": {"path":"C:\\Users\\quits\\Documents\\Curriculo Ronald Vezga Colombia 2021\\Cursos\\MasterLogica\\exercise39\\exercise39.js","all":false,"statementMap":{"0":{"start":{"line":1,"column":0},"end":{"line":1,"column":31}},"1":{"start":{"line":2,"column":0},"end":{"line":2,"column":59}},"2":{"start":{"line":3,"column":0},"end":{"line":3,"column":19}},"3":{"start":{"line":4,"column":0},"end":{"line":4,"column":2}},"4":{"start":{"line":5,"column":0},"end":{"line":5,"column":0}},"5":{"start":{"line":6,"column":0},"end":{"line":6,"column":28}}},"s":{"0":1,"1":2,"2":2,"3":2,"4":1,"5":1},"branchMap":{"0":{"type":"branch","line":1,"loc":{"start":{"line":1,"column":20},"end":{"line":4,"column":2}},"locations":[{"start":{"line":1,"column":20},"end":{"line":4,"column":2}}]}},"b":{"0":[2]},"fnMap":{"0":{"name":"checkEmail","decl":{"start":{"line":1,"column":20},"end":{"line":4,"column":2}},"loc":{"start":{"line":1,"column":20},"end":{"line":4,"column":2}},"line":1}},"f":{"0":2}}
,"C:\\Users\\quits\\Documents\\Curriculo Ronald Vezga Colombia 2021\\Cursos\\MasterLogica\\exercise4\\exercise4.js": {"path":"C:\\Users\\quits\\Documents\\Curriculo Ronald Vezga Colombia 2021\\Cursos\\MasterLogica\\exercise4\\exercise4.js","all":false,"statementMap":{"0":{"start":{"line":1,"column":0},"end":{"line":1,"column":26}},"1":{"start":{"line":2,"column":0},"end":{"line":2,"column":26}},"2":{"start":{"line":3,"column":0},"end":{"line":3,"column":38}},"3":{"start":{"line":4,"column":0},"end":{"line":4,"column":30}},"4":{"start":{"line":5,"column":0},"end":{"line":5,"column":45}},"5":{"start":{"line":6,"column":0},"end":{"line":6,"column":5}},"6":{"start":{"line":7,"column":0},"end":{"line":7,"column":24}},"7":{"start":{"line":8,"column":0},"end":{"line":8,"column":1}},"8":{"start":{"line":9,"column":0},"end":{"line":9,"column":0}},"9":{"start":{"line":10,"column":0},"end":{"line":10,"column":24}}},"s":{"0":1,"1":1,"2":1,"3":1,"4":4,"5":4,"6":1,"7":1,"8":1,"9":1},"branchMap":{"0":{"type":"branch","line":1,"loc":{"start":{"line":1,"column":16},"end":{"line":8,"column":1}},"locations":[{"start":{"line":1,"column":16},"end":{"line":8,"column":1}}]},"1":{"type":"branch","line":4,"loc":{"start":{"line":4,"column":29},"end":{"line":6,"column":5}},"locations":[{"start":{"line":4,"column":29},"end":{"line":6,"column":5}}]}},"b":{"0":[1],"1":[4]},"fnMap":{"0":{"name":"invert","decl":{"start":{"line":1,"column":16},"end":{"line":8,"column":1}},"loc":{"start":{"line":1,"column":16},"end":{"line":8,"column":1}},"line":1}},"f":{"0":1}}
,"C:\\Users\\quits\\Documents\\Curriculo Ronald Vezga Colombia 2021\\Cursos\\MasterLogica\\exercise40\\exercise40.js": {"path":"C:\\Users\\quits\\Documents\\Curriculo Ronald Vezga Colombia 2021\\Cursos\\MasterLogica\\exercise40\\exercise40.js","all":false,"statementMap":{"0":{"start":{"line":1,"column":0},"end":{"line":1,"column":33}},"1":{"start":{"line":2,"column":0},"end":{"line":2,"column":45}},"2":{"start":{"line":3,"column":0},"end":{"line":3,"column":10}},"3":{"start":{"line":4,"column":0},"end":{"line":4,"column":21}},"4":{"start":{"line":5,"column":0},"end":{"line":5,"column":37}},"5":{"start":{"line":6,"column":0},"end":{"line":6,"column":3}},"6":{"start":{"line":7,"column":0},"end":{"line":7,"column":2}},"7":{"start":{"line":8,"column":0},"end":{"line":8,"column":0}},"8":{"start":{"line":9,"column":0},"end":{"line":9,"column":28}}},"s":{"0":1,"1":1,"2":1,"3":1,"4":1,"5":1,"6":1,"7":1,"8":1},"branchMap":{"0":{"type":"branch","line":1,"loc":{"start":{"line":1,"column":20},"end":{"line":7,"column":2}},"locations":[{"start":{"line":1,"column":20},"end":{"line":7,"column":2}}]},"1":{"type":"branch","line":2,"loc":{"start":{"line":2,"column":28},"end":{"line":2,"column":45}},"locations":[{"start":{"line":2,"column":28},"end":{"line":2,"column":45}}]}},"b":{"0":[1],"1":[4]},"fnMap":{"0":{"name":"highAndLow","decl":{"start":{"line":1,"column":20},"end":{"line":7,"column":2}},"loc":{"start":{"line":1,"column":20},"end":{"line":7,"column":2}},"line":1}},"f":{"0":1}}
[...]
,"C:\\Users\\quits\\Documents\\Curriculo Ronald Vezga Colombia 2021\\Cursos\\MasterLogica\\exercise46\\exercise46.js": {"path":"C:\\Users\\quits\\Documents\\Curriculo Ronald Vezga Colombia 2021\\Cursos\\MasterLogica\\exercise46\\exercise46.js","all":false,"statementMap":{"0":{"start":{"line":1,"column":0},"end":{"line":1,"column":36}},"1":{"start":{"line":2,"column":0},"end":{"line":2,"column":24}},"2":{"start":{"line":3,"column":0},"end":{"line":3,"column":26}},"3":{"start":{"line":4,"column":0},"end":{"line":4,"column":37}},"4":{"start":{"line":5,"column":0},"end":{"line":5,"column":56}},"5":{"start":{"line":6,"column":0},"end":{"line":6,"column":32}},"6":{"start":{"line":7,"column":0},"end":{"line":7,"column":55}},"7":{"start":{"line":8,"column":0},"end":{"line":8,"column":9}},"8":{"start":{"line":9,"column":0},"end":{"line":9,"column":5}},"9":{"start":{"line":10,"column":0},"end":{"line":10,"column":61}},"10":{"start":{"line":11,"column":0},"end":{"line":11,"column":1}},"11":{"start":{"line":12,"column":0},"end":{"line":12,"column":0}},"12":{"start":{"line":13,"column":0},"end":{"line":13,"column":38}},"13":{"start":{"line":14,"column":0},"end":{"line":14,"column":0}},"14":{"start":{"line":15,"column":0},"end":{"line":15,"column":34}}},"s":{"0":1,"1":2,"2":2,"3":10,"4":10,"5":40,"6":40,"7":40,"8":10,"9":2,"10":2,"11":1,"12":1,"13":1,"14":1},"branchMap":{"0":{"type":"branch","line":1,"loc":{"start":{"line":1,"column":26},"end":{"line":11,"column":1}},"locations":[{"start":{"line":1,"column":26},"end":{"line":11,"column":1}}]},"1":{"type":"branch","line":3,"loc":{"start":{"line":3,"column":25},"end":{"line":9,"column":5}},"locations":[{"start":{"line":3,"column":25},"end":{"line":9,"column":5}}]},"2":{"type":"branch","line":5,"loc":{"start":{"line":5,"column":55},"end":{"line":8,"column":9}},"locations":[{"start":{"line":5,"column":55},"end":{"line":8,"column":9}}]},"3":{"type":"branch","line":10,"loc":{"start":{"line":10,"column":29},"end":{"line":10,"column":61}},"locations":[{"start":{"line":10,"column":29},"end":{"line":10,"column":61}}]}},"b":{"0":[2],"1":[10],"2":[40],"3":[40]},"fnMap":{"0":{"name":"getAllSubStrings","decl":{"start":{"line":1,"column":26},"end":{"line":11,"column":1}},"loc":{"start":{"line":1,"column":26},"end":{"line":11,"column":1}},"line":1}},"f":{"0":2}}
,"C:\\Users\\quits\\Documents\\Curriculo Ronald Vezga Colombia 2021\\Cursos\\MasterLogica\\exercise47\\exercise47.js": {"path":"C:\\Users\\quits\\Documents\\Curriculo Ronald Vezga Colombia 2021\\Cursos\\MasterLogica\\exercise47\\exercise47.js","all":false,"statementMap":{"0":{"start":{"line":1,"column":0},"end":{"line":1,"column":15}},"1":{"start":{"line":2,"column":0},"end":{"line":2,"column":3}},"2":{"start":{"line":3,"column":0},"end":{"line":3,"column":19}},"3":{"start":{"line":4,"column":0},"end":{"line":4,"column":43}},"4":{"start":{"line":5,"column":0},"end":{"line":5,"column":4}},"5":{"start":{"line":6,"column":0},"end":{"line":6,"column":3}},"6":{"start":{"line":7,"column":0},"end":{"line":7,"column":17}},"7":{"start":{"line":8,"column":0},"end":{"line":8,"column":47}},"8":{"start":{"line":9,"column":0},"end":{"line":9,"column":4}},"9":{"start":{"line":10,"column":0},"end":{"line":10,"column":3}},"10":{"start":{"line":11,"column":0},"end":{"line":11,"column":17}},"11":{"start":{"line":12,"column":0},"end":{"line":12,"column":37}},"12":{"start":{"line":13,"column":0},"end":{"line":13,"column":4}},"13":{"start":{"line":14,"column":0},"end":{"line":14,"column":3}},"14":{"start":{"line":15,"column":0},"end":{"line":15,"column":17}},"15":{"start":{"line":16,"column":0},"end":{"line":16,"column":51}},"16":{"start":{"line":17,"column":0},"end":{"line":17,"column":4}},"17":{"start":{"line":18,"column":0},"end":{"line":18,"column":2}},"18":{"start":{"line":19,"column":0},"end":{"line":19,"column":0}},"19":{"start":{"line":20,"column":0},"end":{"line":20,"column":31}},"20":{"start":{"line":21,"column":0},"end":{"line":21,"column":15}},"21":{"start":{"line":22,"column":0},"end":{"line":22,"column":0}},"22":{"start":{"line":23,"column":0},"end":{"line":23,"column":27}},"23":{"start":{"line":24,"column":0},"end":{"line":24,"column":41}},"24":{"start":{"line":25,"column":0},"end":{"line":25,"column":25}},"25":{"start":{"line":26,"column":0},"end":{"line":26,"column":23}},"26":{"start":{"line":27,"column":0},"end":{"line":27,"column":14}},"27":{"start":{"line":28,"column":0},"end":{"line":28,"column":25}},"28":{"start":{"line":29,"column":0},"end":{"line":29,"column":7}},"29":{"start":{"line":30,"column":0},"end":{"line":30,"column":5}},"30":{"start":{"line":31,"column":0},"end":{"line":31,"column":5}},"31":{"start":{"line":32,"column":0},"end":{"line":32,"column":0}},"32":{"start":{"line":33,"column":0},"end":{"line":33,"column":13}},"33":{"start":{"line":34,"column":0},"end":{"line":34,"column":2}},"34":{"start":{"line":35,"column":0},"end":{"line":35,"column":0}},"35":{"start":{"line":36,"column":0},"end":{"line":36,"column":39}}},"s":{"0":1,"1":1,"2":1,"3":1,"4":1,"5":1,"6":1,"7":1,"8":1,"9":1,"10":1,"11":1,"12":1,"13":1,"14":1,"15":1,"16":1,"17":1,"18":1,"19":1,"20":1,"21":1,"22":1,"23":4,"24":13,"25":8,"26":13,"27":5,"28":5,"29":13,"30":4,"31":1,"32":1,"33":1,"34":1,"35":1},"branchMap":{"0":{"type":"branch","line":20,"loc":{"start":{"line":20,"column":20},"end":{"line":34,"column":2}},"locations":[{"start":{"line":20,"column":20},"end":{"line":34,"column":2}}]},"1":{"type":"branch","line":23,"loc":{"start":{"line":23,"column":17},"end":{"line":31,"column":5}},"locations":[{"start":{"line":23,"column":17},"end":{"line":31,"column":5}}]},"2":{"type":"branch","line":24,"loc":{"start":{"line":24,"column":40},"end":{"line":30,"column":5}},"locations":[{"start":{"line":24,"column":40},"end":{"line":30,"column":5}}]},"3":{"type":"branch","line":25,"loc":{"start":{"line":25,"column":24},"end":{"line":27,"column":13}},"locations":[{"start":{"line":25,"column":24},"end":{"line":27,"column":13}}]},"4":{"type":"branch","line":27,"loc":{"start":{"line":27,"column":7},"end":{"line":29,"column":7}},"locations":[{"start":{"line":27,"column":7},"end":{"line":29,"column":7}}]}},"b":{"0":[1],"1":[4],"2":[13],"3":[8],"4":[5]},"fnMap":{"0":{"name":"getHobbies","decl":{"start":{"line":20,"column":20},"end":{"line":34,"column":2}},"loc":{"start":{"line":20,"column":20},"end":{"line":34,"column":2}},"line":20}},"f":{"0":1}}
,"C:\\Users\\quits\\Documents\\Curriculo Ronald Vezga Colombia 2021\\Cursos\\MasterLogica\\exercise48\\exercise48.js": {"path":"C:\\Users\\quits\\Documents\\Curriculo Ronald Vezga Colombia 2021\\Cursos\\MasterLogica\\exercise48\\exercise48.js","all":false,"statementMap":{"0":{"start":{"line":1,"column":0},"end":{"line":1,"column":32}},"1":{"start":{"line":2,"column":0},"end":{"line":2,"column":20}},"2":{"start":{"line":3,"column":0},"end":{"line":3,"column":18}},"3":{"start":{"line":4,"column":0},"end":{"line":4,"column":79}},"4":{"start":{"line":5,"column":0},"end":{"line":5,"column":33}},"5":{"start":{"line":6,"column":0},"end":{"line":6,"column":27}},"6":{"start":{"line":7,"column":0},"end":{"line":7,"column":25}},"7":{"start":{"line":8,"column":0},"end":{"line":8,"column":12}},"8":{"start":{"line":9,"column":0},"end":{"line":9,"column":27}},"9":{"start":{"line":10,"column":0},"end":{"line":10,"column":5}},"10":{"start":{"line":11,"column":0},"end":{"line":11,"column":3}},"11":{"start":{"line":12,"column":0},"end":{"line":12,"column":28}},"12":{"start":{"line":13,"column":0},"end":{"line":13,"column":33}},"13":{"start":{"line":14,"column":0},"end":{"line":14,"column":26}},"14":{"start":{"line":15,"column":0},"end":{"line":15,"column":5}},"15":{"start":{"line":16,"column":0},"end":{"line":16,"column":3}},"16":{"start":{"line":17,"column":0},"end":{"line":17,"column":29}},"17":{"start":{"line":18,"column":0},"end":{"line":18,"column":2}},"18":{"start":{"line":19,"column":0},"end":{"line":19,"column":0}},"19":{"start":{"line":20,"column":0},"end":{"line":20,"column":28}}},"s":{"0":1,"1":1,"2":1,"3":1,"4":1,"5":21,"6":11,"7":21,"8":10,"9":10,"10":21,"11":1,"12":10,"13":5,"14":5,"15":10,"16":1,"17":1,"18":1,"19":1},"branchMap":{"0":{"type":"branch","line":1,"loc":{"start":{"line":1,"column":20},"end":{"line":18,"column":2}},"locations":[{"start":{"line":1,"column":20},"end":{"line":18,"column":2}}]},"1":{"type":"branch","line":5,"loc":{"start":{"line":5,"column":32},"end":{"line":11,"column":3}},"locations":[{"start":{"line":5,"column":32},"end":{"line":11,"column":3}}]},"2":{"type":"branch","line":6,"loc":{"start":{"line":6,"column":26},"end":{"line":8,"column":11}},"locations":[{"start":{"line":6,"column":26},"end":{"line":8,"column":11}}]},"3":{"type":"branch","line":8,"loc":{"start":{"line":8,"column":5},"end":{"line":10,"column":5}},"locations":[{"start":{"line":8,"column":5},"end":{"line":10,"column":5}}]},"4":{"type":"branch","line":12,"loc":{"start":{"line":12,"column":27},"end":{"line":16,"column":3}},"locations":[{"start":{"line":12,"column":27},"end":{"line":16,"column":3}}]},"5":{"type":"branch","line":13,"loc":{"start":{"line":13,"column":32},"end":{"line":15,"column":5}},"locations":[{"start":{"line":13,"column":32},"end":{"line":15,"column":5}}]},"6":{"type":"branch","line":4,"loc":{"start":{"line":4,"column":41},"end":{"line":4,"column":79}},"locations":[{"start":{"line":4,"column":41},"end":{"line":4,"column":79}}]}},"b":{"0":[1],"1":[21],"2":[11],"3":[10],"4":[10],"5":[5],"6":[23]},"fnMap":{"0":{"name":"getJustOne","decl":{"start":{"line":1,"column":20},"end":{"line":18,"column":2}},"loc":{"start":{"line":1,"column":20},"end":{"line":18,"column":2}},"line":1}},"f":{"0":1}}
,"C:\\Users\\quits\\Documents\\Curriculo Ronald Vezga Colombia 2021\\Cursos\\MasterLogica\\exercise5\\exercise5.js": {"path":"C:\\Users\\quits\\Documents\\Curriculo Ronald Vezga Colombia 2021\\Cursos\\MasterLogica\\exercise5\\exercise5.js","all":false,"statementMap":{"0":{"start":{"line":1,"column":0},"end":{"line":1,"column":47}},"1":{"start":{"line":2,"column":0},"end":{"line":2,"column":17}},"2":{"start":{"line":3,"column":0},"end":{"line":3,"column":39}},"3":{"start":{"line":4,"column":0},"end":{"line":4,"column":16}},"4":{"start":{"line":5,"column":0},"end":{"line":5,"column":2}},"5":{"start":{"line":6,"column":0},"end":{"line":6,"column":0}},"6":{"start":{"line":7,"column":0},"end":{"line":7,"column":31}}},"s":{"0":1,"1":1,"2":1,"3":1,"4":1,"5":1,"6":1},"branchMap":{"0":{"type":"branch","line":1,"loc":{"start":{"line":1,"column":22},"end":{"line":5,"column":2}},"locations":[{"start":{"line":1,"column":22},"end":{"line":5,"column":2}}]}},"b":{"0":[1]},"fnMap":{"0":{"name":"getPercentage","decl":{"start":{"line":1,"column":22},"end":{"line":5,"column":2}},"loc":{"start":{"line":1,"column":22},"end":{"line":5,"column":2}},"line":1}},"f":{"0":1}}
,"C:\\Users\\quits\\Documents\\Curriculo Ronald Vezga Colombia 2021\\Cursos\\MasterLogica\\exercise6\\exercise6.js": {"path":"C:\\Users\\quits\\Documents\\Curriculo Ronald Vezga Colombia 2021\\Cursos\\MasterLogica\\exercise6\\exercise6.js","all":false,"statementMap":{"0":{"start":{"line":1,"column":0},"end":{"line":1,"column":35}},"1":{"start":{"line":2,"column":0},"end":{"line":2,"column":42}},"2":{"start":{"line":3,"column":0},"end":{"line":3,"column":36}},"3":{"start":{"line":4,"column":0},"end":{"line":4,"column":21}},"4":{"start":{"line":5,"column":0},"end":{"line":5,"column":38}},"5":{"start":{"line":6,"column":0},"end":{"line":6,"column":20}},"6":{"start":{"line":7,"column":0},"end":{"line":7,"column":5}},"7":{"start":{"line":8,"column":0},"end":{"line":8,"column":18}},"8":{"start":{"line":9,"column":0},"end":{"line":9,"column":31}},"9":{"start":{"line":10,"column":0},"end":{"line":10,"column":3}},"10":{"start":{"line":11,"column":0},"end":{"line":11,"column":32}},"11":{"start":{"line":12,"column":0},"end":{"line":12,"column":19}},"12":{"start":{"line":13,"column":0},"end":{"line":13,"column":2}},"13":{"start":{"line":14,"column":0},"end":{"line":14,"column":0}},"14":{"start":{"line":15,"column":0},"end":{"line":15,"column":30}},"15":{"start":{"line":16,"column":0},"end":{"line":16,"column":16}},"16":{"start":{"line":17,"column":0},"end":{"line":17,"column":36}},"17":{"start":{"line":18,"column":0},"end":{"line":18,"column":16}},"18":{"start":{"line":19,"column":0},"end":{"line":19,"column":3}},"19":{"start":{"line":20,"column":0},"end":{"line":20,"column":14}},"20":{"start":{"line":21,"column":0},"end":{"line":21,"column":2}},"21":{"start":{"line":22,"column":0},"end":{"line":22,"column":0}},"22":{"start":{"line":23,"column":0},"end":{"line":23,"column":43}}},"s":{"0":1,"1":1,"2":1,"3":3,"4":3,"5":9,"6":9,"7":3,"8":3,"9":3,"10":1,"11":1,"12":1,"13":1,"14":1,"15":3,"16":3,"17":15,"18":15,"19":3,"20":3,"21":1,"22":1},"branchMap":{"0":{"type":"branch","line":1,"loc":{"start":{"line":1,"column":23},"end":{"line":13,"column":2}},"locations":[{"start":{"line":1,"column":23},"end":{"line":13,"column":2}}]},"1":{"type":"branch","line":3,"loc":{"start":{"line":3,"column":35},"end":{"line":10,"column":3}},"locations":[{"start":{"line":3,"column":35},"end":{"line":10,"column":3}}]},"2":{"type":"branch","line":5,"loc":{"start":{"line":5,"column":37},"end":{"line":7,"column":5}},"locations":[{"start":{"line":5,"column":37},"end":{"line":7,"column":5}}]},"3":{"type":"branch","line":15,"loc":{"start":{"line":15,"column":18},"end":{"line":21,"column":2}},"locations":[{"start":{"line":15,"column":18},"end":{"line":21,"column":2}}]},"4":{"type":"branch","line":17,"loc":{"start":{"line":17,"column":35},"end":{"line":19,"column":3}},"locations":[{"start":{"line":17,"column":35},"end":{"line":19,"column":3}}]}},"b":{"0":[1],"1":[3],"2":[9],"3":[3],"4":[15]},"fnMap":{"0":{"name":"drawRectangle","decl":{"start":{"line":1,"column":23},"end":{"line":13,"column":2}},"loc":{"start":{"line":1,"column":23},"end":{"line":13,"column":2}},"line":1},"1":{"name":"drawSide","decl":{"start":{"line":15,"column":18},"end":{"line":21,"column":2}},"loc":{"start":{"line":15,"column":18},"end":{"line":21,"column":2}},"line":15}},"f":{"0":1,"1":3}}
,"C:\\Users\\quits\\Documents\\Curriculo Ronald Vezga Colombia 2021\\Cursos\\MasterLogica\\exercise7\\exercise7.js": {"path":"C:\\Users\\quits\\Documents\\Curriculo Ronald Vezga Colombia 2021\\Cursos\\MasterLogica\\exercise7\\exercise7.js","all":false,"statementMap":{"0":{"start":{"line":1,"column":0},"end":{"line":1,"column":37}},"1":{"start":{"line":2,"column":0},"end":{"line":2,"column":20}},"2":{"start":{"line":3,"column":0},"end":{"line":3,"column":31}},"3":{"start":{"line":4,"column":0},"end":{"line":4,"column":29}},"4":{"start":{"line":5,"column":0},"end":{"line":5,"column":22}},"5":{"start":{"line":6,"column":0},"end":{"line":6,"column":9}},"6":{"start":{"line":7,"column":0},"end":{"line":7,"column":18}},"7":{"start":{"line":8,"column":0},"end":{"line":8,"column":6}},"8":{"start":{"line":9,"column":0},"end":{"line":9,"column":19}},"9":{"start":{"line":10,"column":0},"end":{"line":10,"column":2}},"10":{"start":{"line":11,"column":0},"end":{"line":11,"column":0}},"11":{"start":{"line":12,"column":0},"end":{"line":12,"column":23}}},"s":{"0":1,"1":1,"2":1,"3":99,"4":50,"5":50,"6":99,"7":99,"8":1,"9":1,"10":1,"11":1},"branchMap":{"0":{"type":"branch","line":1,"loc":{"start":{"line":1,"column":14},"end":{"line":10,"column":2}},"locations":[{"start":{"line":1,"column":14},"end":{"line":10,"column":2}}]},"1":{"type":"branch","line":3,"loc":{"start":{"line":3,"column":30},"end":{"line":8,"column":6}},"locations":[{"start":{"line":3,"column":30},"end":{"line":8,"column":6}}]},"2":{"type":"branch","line":4,"loc":{"start":{"line":4,"column":28},"end":{"line":6,"column":9}},"locations":[{"start":{"line":4,"column":28},"end":{"line":6,"column":9}}]}},"b":{"0":[1],"1":[99],"2":[50]},"fnMap":{"0":{"name":"impar","decl":{"start":{"line":1,"column":14},"end":{"line":10,"column":2}},"loc":{"start":{"line":1,"column":14},"end":{"line":10,"column":2}},"line":1}},"f":{"0":1}}
,"C:\\Users\\quits\\Documents\\Curriculo Ronald Vezga Colombia 2021\\Cursos\\MasterLogica\\exercise8\\exercise8.js": {"path":"C:\\Users\\quits\\Documents\\Curriculo Ronald Vezga Colombia 2021\\Cursos\\MasterLogica\\exercise8\\exercise8.js","all":false,"statementMap":{"0":{"start":{"line":1,"column":0},"end":{"line":1,"column":35}},"1":{"start":{"line":2,"column":0},"end":{"line":2,"column":100}},"2":{"start":{"line":3,"column":0},"end":{"line":3,"column":24}},"3":{"start":{"line":4,"column":0},"end":{"line":4,"column":2}},"4":{"start":{"line":5,"column":0},"end":{"line":5,"column":0}},"5":{"start":{"line":6,"column":0},"end":{"line":6,"column":31}}},"s":{"0":1,"1":2,"2":2,"3":2,"4":1,"5":1},"branchMap":{"0":{"type":"branch","line":1,"loc":{"start":{"line":1,"column":23},"end":{"line":4,"column":2}},"locations":[{"start":{"line":1,"column":23},"end":{"line":4,"column":2}}]}},"b":{"0":[2]},"fnMap":{"0":{"name":"reverseNumber","decl":{"start":{"line":1,"column":23},"end":{"line":4,"column":2}},"loc":{"start":{"line":1,"column":23},"end":{"line":4,"column":2}},"line":1}},"f":{"0":2}}
,"C:\\Users\\quits\\Documents\\Curriculo Ronald Vezga Colombia 2021\\Cursos\\MasterLogica\\exercise9\\exercise9.js": {"path":"C:\\Users\\quits\\Documents\\Curriculo Ronald Vezga Colombia 2021\\Cursos\\MasterLogica\\exercise9\\exercise9.js","all":false,"statementMap":{"0":{"start":{"line":1,"column":0},"end":{"line":1,"column":47}},"1":{"start":{"line":2,"column":0},"end":{"line":2,"column":77}},"2":{"start":{"line":3,"column":0},"end":{"line":3,"column":25}},"3":{"start":{"line":4,"column":0},"end":{"line":4,"column":1}},"4":{"start":{"line":5,"column":0},"end":{"line":5,"column":0}},"5":{"start":{"line":6,"column":0},"end":{"line":6,"column":35}}},"s":{"0":1,"1":2,"2":2,"3":2,"4":1,"5":1},"branchMap":{"0":{"type":"branch","line":1,"loc":{"start":{"line":1,"column":26},"end":{"line":4,"column":1}},"locations":[{"start":{"line":1,"column":26},"end":{"line":4,"column":1}}]},"1":{"type":"branch","line":2,"loc":{"start":{"line":2,"column":40},"end":{"line":2,"column":57}},"locations":[{"start":{"line":2,"column":40},"end":{"line":2,"column":57}}]}},"b":{"0":[2],"1":[9]},"fnMap":{"0":{"name":"getCommonElements","decl":{"start":{"line":1,"column":26},"end":{"line":4,"column":1}},"loc":{"start":{"line":1,"column":26},"end":{"line":4,"column":1}},"line":1}},"f":{"0":2}}
}
