TN:
SF:exercise1\exercise1.js
FN:5,multiplicationTable
FNF:1
FNH:1
FNDA:2,multiplicationTable
DA:1,1
DA:2,1
DA:3,1
DA:4,1
DA:5,1
DA:6,2
DA:7,2
DA:8,2
DA:9,20
DA:10,20
DA:11,20
DA:12,2
DA:13,2
DA:14,1
DA:15,1
DA:16,1
DA:17,1
LF:17
LH:17
BRDA:5,0,0,2
BRDA:8,1,0,20
BRF:2
BRH:2
end_of_record
TN:
SF:exercise2\exercise2.js
FN:1,palindrome
FNF:1
FNH:1
FNDA:2,palindrome
DA:1,1
DA:2,2
DA:3,2
DA:4,2
DA:5,2
DA:6,1
DA:7,1
DA:8,1
DA:9,1
DA:10,2
DA:11,1
DA:12,1
LF:12
LH:12
BRDA:1,0,0,2
BRDA:5,1,0,1
BRF:2
BRH:2
end_of_record
TN:
SF:exercise3\exercise3.js
FN:1,coincidences
FNF:1
FNH:1
FNDA:2,coincidences
DA:1,1
DA:2,2
DA:3,2
DA:4,2
DA:5,2
DA:6,1
DA:7,9
DA:8,2
DA:9,9
DA:10,7
DA:11,7
DA:12,9
DA:13,1
DA:14,1
DA:15,1
DA:16,1
DA:17,1
DA:18,2
DA:19,2
DA:20,1
DA:21,1
LF:21
LH:21
BRDA:1,0,0,2
BRDA:5,1,0,1
BRDA:6,2,0,9
BRDA:7,3,0,2
BRDA:9,4,0,7
BRF:5
BRH:5
end_of_record
TN:
SF:exercise4\exercise4.js
FN:1,invert
FNF:1
FNH:1
FNDA:1,invert
DA:1,1
DA:2,1
DA:3,1
DA:4,1
DA:5,4
DA:6,4
DA:7,1
DA:8,1
DA:9,1
DA:10,1
LF:10
LH:10
BRDA:1,0,0,1
BRDA:4,1,0,4
BRF:2
BRH:2
end_of_record
TN:
SF:exercise5\exercise5.js
FN:1,getPercentage
FNF:1
FNH:1
FNDA:1,getPercentage
DA:1,1
DA:2,1
DA:3,1
DA:4,1
DA:5,1
DA:6,1
DA:7,1
LF:7
LH:7
BRDA:1,0,0,1
BRF:1
BRH:1
end_of_record
TN:
SF:exercise6\exercise6.js
FN:1,drawRectangle
FN:15,drawSide
FNF:2
FNH:2
FNDA:1,drawRectangle
FNDA:3,drawSide
DA:1,1
DA:2,1
DA:3,1
DA:4,3
DA:5,3
DA:6,9
DA:7,9
DA:8,3
DA:9,3
DA:10,3
DA:11,1
DA:12,1
DA:13,1
DA:14,1
DA:15,1
DA:16,3
DA:17,3
DA:18,15
DA:19,15
DA:20,3
DA:21,3
DA:22,1
DA:23,1
LF:23
LH:23
BRDA:1,0,0,1
BRDA:3,1,0,3
BRDA:5,2,0,9
BRDA:15,3,0,3
BRDA:17,4,0,15
BRF:5
BRH:5
end_of_record
TN:
SF:exercise7\exercise7.js
FN:1,impar
FNF:1
FNH:1
FNDA:1,impar
DA:1,1
DA:2,1
DA:3,1
DA:4,99
DA:5,50
DA:6,50
DA:7,99
DA:8,99
DA:9,1
DA:10,1
DA:11,1
DA:12,1
LF:12
LH:12
BRDA:1,0,0,1
BRDA:3,1,0,99
BRDA:4,2,0,50
BRF:3
BRH:3
end_of_record
TN:
SF:exercise8\exercise8.js
FN:1,reverseNumber
FNF:1
FNH:1
FNDA:2,reverseNumber
DA:1,1
DA:2,2
DA:3,2
DA:4,2
DA:5,1
DA:6,1
LF:6
LH:6
BRDA:1,0,0,2
BRF:1
BRH:1
end_of_record
